[1.278s] Invoking command in '/home/vscode/workspace/path-planning/src/tasks12': PYTHONPATH=/home/vscode/workspace/path-planning/build/tasks12/prefix_override:/usr/lib/python3/dist-packages/colcon_core/task/python/colcon_distutils_commands:/home/vscode/workspace/path-planning/install/tasks12/lib/python3.10/site-packages:${PYTHONPATH} /usr/bin/python3 -W ignore:setup.py install is deprecated -W ignore:easy_install command is deprecated setup.py egg_info --egg-base ../../build/tasks12 build --build-base /home/vscode/workspace/path-planning/build/tasks12/build install --record /home/vscode/workspace/path-planning/build/tasks12/install.log --single-version-externally-managed install_data
[1.965s] running egg_info
[1.970s] writing ../../build/tasks12/tasks12.egg-info/PKG-INFO
[1.976s] writing dependency_links to ../../build/tasks12/tasks12.egg-info/dependency_links.txt
[1.983s] writing entry points to ../../build/tasks12/tasks12.egg-info/entry_points.txt
[1.988s] writing requirements to ../../build/tasks12/tasks12.egg-info/requires.txt
[1.991s] writing top-level names to ../../build/tasks12/tasks12.egg-info/top_level.txt
[2.028s] reading manifest file '../../build/tasks12/tasks12.egg-info/SOURCES.txt'
[2.087s] writing manifest file '../../build/tasks12/tasks12.egg-info/SOURCES.txt'
[2.089s] running build
[2.090s] running build_py
[2.104s] copying tasks12/gap_follower.py -> /home/vscode/workspace/path-planning/build/tasks12/build/lib/tasks12
[2.151s] running install
[2.152s] running install_lib
[2.185s] copying /home/vscode/workspace/path-planning/build/tasks12/build/lib/tasks12/gap_follower.py -> /home/vscode/workspace/path-planning/install/tasks12/lib/python3.10/site-packages/tasks12
[2.252s] byte-compiling /home/vscode/workspace/path-planning/install/tasks12/lib/python3.10/site-packages/tasks12/gap_follower.py to gap_follower.cpython-310.pyc
[2.308s] running install_data
[2.339s] running install_egg_info
[2.349s] removing '/home/vscode/workspace/path-planning/install/tasks12/lib/python3.10/site-packages/tasks12-0.0.0-py3.10.egg-info' (and everything under it)
[2.397s] Copying ../../build/tasks12/tasks12.egg-info to /home/vscode/workspace/path-planning/install/tasks12/lib/python3.10/site-packages/tasks12-0.0.0-py3.10.egg-info
[2.600s] running install_scripts
[2.660s] Installing gap_follower script to /home/vscode/workspace/path-planning/install/tasks12/lib/tasks12
[2.671s] writing list of installed files to '/home/vscode/workspace/path-planning/build/tasks12/install.log'
[2.695s] Invoked command in '/home/vscode/workspace/path-planning/src/tasks12' returned '0': PYTHONPATH=/home/vscode/workspace/path-planning/build/tasks12/prefix_override:/usr/lib/python3/dist-packages/colcon_core/task/python/colcon_distutils_commands:/home/vscode/workspace/path-planning/install/tasks12/lib/python3.10/site-packages:${PYTHONPATH} /usr/bin/python3 -W ignore:setup.py install is deprecated -W ignore:easy_install command is deprecated setup.py egg_info --egg-base ../../build/tasks12 build --build-base /home/vscode/workspace/path-planning/build/tasks12/build install --record /home/vscode/workspace/path-planning/build/tasks12/install.log --single-version-externally-managed install_data
