[0.016s] Invoking command in '/home/thomasy22/agrobot-navigation/Navigation/build/rslidar_sdk': /usr/bin/cmake /home/thomasy22/agrobot-navigation/Navigation/rslidar_sdk -DCATKIN_INSTALL_INTO_PREFIX_ROOT=0 -DCMAKE_INSTALL_PREFIX=/home/thomasy22/agrobot-navigation/Navigation/install/rslidar_sdk
[0.071s] [0m=============================================================[0m
[0.071s] [0m-- POINT_TYPE is XYZI[0m
[0.071s] [0m=============================================================[0m
[5.513s] [0m=============================================================[0m
[5.513s] [0m-- ROS Not Found. ROS Support is turned Off.[0m
[5.513s] [0m=============================================================[0m
[9.098s] [0m=============================================================[0m
[9.098s] [0m-- ROS2 Not Found. ROS2 Support is turned Off.[0m
[9.098s] [0m=============================================================[0m
[9.101s] [31mCMake Error at CMakeLists.txt:159 (add_subdirectory):
[9.101s]   The source directory
[9.101s] 
[9.101s]     /home/thomasy22/agrobot-navigation/Navigation/rslidar_sdk/src/rs_driver
[9.101s] 
[9.101s]   does not contain a CMakeLists.txt file.
[9.101s] 
[9.101s] [0m
[11.075s] [31mCMake Error at CMakeLists.txt:160 (find_package):
[11.076s]   By not providing "Findrs_driver.cmake" in CMAKE_MODULE_PATH this project
[11.076s]   has asked CMake to find a package configuration file provided by
[11.076s]   "rs_driver", but CMake did not find one.
[11.076s] 
[11.076s]   Could not find a package configuration file provided by "rs_driver" with
[11.076s]   any of the following names:
[11.076s] 
[11.076s]     rs_driverConfig.cmake
[11.076s]     rs_driver-config.cmake
[11.076s] 
[11.076s]   Add the installation prefix of "rs_driver" to CMAKE_PREFIX_PATH or set
[11.076s]   "rs_driver_DIR" to a directory containing one of the above files.  If
[11.076s]   "rs_driver" provides a separate development package or SDK, be sure it has
[11.076s]   been installed.
[11.076s] 
[11.076s] [0m
[11.076s] -- Configuring incomplete, errors occurred!
[11.076s] See also "/home/thomasy22/agrobot-navigation/Navigation/build/rslidar_sdk/CMakeFiles/CMakeOutput.log".
[11.091s] Invoked command in '/home/thomasy22/agrobot-navigation/Navigation/build/rslidar_sdk' returned '1': /usr/bin/cmake /home/thomasy22/agrobot-navigation/Navigation/rslidar_sdk -DCATKIN_INSTALL_INTO_PREFIX_ROOT=0 -DCMAKE_INSTALL_PREFIX=/home/thomasy22/agrobot-navigation/Navigation/install/rslidar_sdk
