[0.350s] DEBUG:colcon:Command line arguments: ['/usr/bin/colcon', 'build']
[0.351s] DEBUG:colcon:Parsed command line arguments: Namespace(log_base=None, log_level=None, verb_name='build', build_base='build', install_base='install', merge_install=False, symlink_install=False, test_result_base=None, continue_on_error=False, executor='parallel', parallel_workers=16, event_handlers=None, ignore_user_meta=False, metas=['./colcon.meta'], base_paths=['.'], packages_ignore=None, packages_ignore_regex=None, paths=None, packages_up_to=None, packages_up_to_regex=None, packages_above=None, packages_above_and_dependencies=None, packages_above_depth=None, packages_select_by_dep=None, packages_skip_by_dep=None, packages_skip_up_to=None, packages_select_build_failed=False, packages_skip_build_finished=False, packages_select_test_failures=False, packages_skip_test_passed=False, packages_select=None, packages_skip=None, packages_select_regex=None, packages_skip_regex=None, packages_start=None, packages_end=None, allow_overriding=[], cmake_args=None, cmake_target=None, cmake_target_skip_unavailable=False, cmake_clean_cache=False, cmake_clean_first=False, cmake_force_configure=False, ament_cmake_args=None, catkin_cmake_args=None, catkin_skip_building_tests=False, mixin_files=None, mixin=None, verb_parser=<colcon_mixin.mixin.mixin_argument.MixinArgumentDecorator object at 0x78ecc075d180>, verb_extension=<colcon_core.verb.build.BuildVerb object at 0x78ecc08e9ff0>, main=<bound method BuildVerb.main of <colcon_core.verb.build.BuildVerb object at 0x78ecc08e9ff0>>, mixin_verb=('build',))
[0.826s] Level 1:colcon.colcon_core.package_discovery:discover_packages(colcon_meta) check parameters
[0.827s] Level 1:colcon.colcon_core.package_discovery:discover_packages(recursive) check parameters
[0.827s] Level 1:colcon.colcon_core.package_discovery:discover_packages(ignore) check parameters
[0.827s] Level 1:colcon.colcon_core.package_discovery:discover_packages(path) check parameters
[0.828s] Level 1:colcon.colcon_core.package_discovery:discover_packages(colcon_meta) discover
[0.828s] Level 1:colcon.colcon_core.package_discovery:discover_packages(recursive) discover
[0.828s] INFO:colcon.colcon_core.package_discovery:Crawling recursively for packages in '/home/vscode/workspace/path-planning'
[0.831s] Level 1:colcon.colcon_core.package_identification:_identify(.) by extensions ['ignore', 'ignore_ament_install']
[0.831s] Level 1:colcon.colcon_core.package_identification:_identify(.) by extension 'ignore'
[0.832s] Level 1:colcon.colcon_core.package_identification:_identify(.) by extension 'ignore_ament_install'
[0.832s] Level 1:colcon.colcon_core.package_identification:_identify(.) by extensions ['colcon_pkg']
[0.833s] Level 1:colcon.colcon_core.package_identification:_identify(.) by extension 'colcon_pkg'
[0.833s] Level 1:colcon.colcon_core.package_identification:_identify(.) by extensions ['colcon_meta']
[0.833s] Level 1:colcon.colcon_core.package_identification:_identify(.) by extension 'colcon_meta'
[0.834s] Level 1:colcon.colcon_core.package_identification:_identify(.) by extensions ['ros']
[0.834s] Level 1:colcon.colcon_core.package_identification:_identify(.) by extension 'ros'
[0.853s] Level 1:colcon.colcon_core.package_identification:_identify(.) by extensions ['cmake', 'python']
[0.853s] Level 1:colcon.colcon_core.package_identification:_identify(.) by extension 'cmake'
[0.853s] Level 1:colcon.colcon_core.package_identification:_identify(.) by extension 'python'
[0.854s] Level 1:colcon.colcon_core.package_identification:_identify(.) by extensions ['python_setup_py']
[0.854s] Level 1:colcon.colcon_core.package_identification:_identify(.) by extension 'python_setup_py'
[0.857s] Level 1:colcon.colcon_core.package_identification:_identify(build) by extensions ['ignore', 'ignore_ament_install']
[0.857s] Level 1:colcon.colcon_core.package_identification:_identify(build) by extension 'ignore'
[0.859s] Level 1:colcon.colcon_core.package_identification:_identify(build) ignored
[0.862s] Level 1:colcon.colcon_core.package_identification:_identify(install) by extensions ['ignore', 'ignore_ament_install']
[0.862s] Level 1:colcon.colcon_core.package_identification:_identify(install) by extension 'ignore'
[0.863s] Level 1:colcon.colcon_core.package_identification:_identify(install) ignored
[0.869s] Level 1:colcon.colcon_core.package_identification:_identify(log) by extensions ['ignore', 'ignore_ament_install']
[0.869s] Level 1:colcon.colcon_core.package_identification:_identify(log) by extension 'ignore'
[0.870s] Level 1:colcon.colcon_core.package_identification:_identify(log) ignored
[0.873s] Level 1:colcon.colcon_core.package_identification:_identify(src) by extensions ['ignore', 'ignore_ament_install']
[0.873s] Level 1:colcon.colcon_core.package_identification:_identify(src) by extension 'ignore'
[0.874s] Level 1:colcon.colcon_core.package_identification:_identify(src) by extension 'ignore_ament_install'
[0.876s] Level 1:colcon.colcon_core.package_identification:_identify(src) by extensions ['colcon_pkg']
[0.876s] Level 1:colcon.colcon_core.package_identification:_identify(src) by extension 'colcon_pkg'
[0.877s] Level 1:colcon.colcon_core.package_identification:_identify(src) by extensions ['colcon_meta']
[0.877s] Level 1:colcon.colcon_core.package_identification:_identify(src) by extension 'colcon_meta'
[0.878s] Level 1:colcon.colcon_core.package_identification:_identify(src) by extensions ['ros']
[0.878s] Level 1:colcon.colcon_core.package_identification:_identify(src) by extension 'ros'
[0.881s] Level 1:colcon.colcon_core.package_identification:_identify(src) by extensions ['cmake', 'python']
[0.881s] Level 1:colcon.colcon_core.package_identification:_identify(src) by extension 'cmake'
[0.882s] Level 1:colcon.colcon_core.package_identification:_identify(src) by extension 'python'
[0.883s] Level 1:colcon.colcon_core.package_identification:_identify(src) by extensions ['python_setup_py']
[0.884s] Level 1:colcon.colcon_core.package_identification:_identify(src) by extension 'python_setup_py'
[0.889s] Level 1:colcon.colcon_core.package_identification:_identify(src/tasks12) by extensions ['ignore', 'ignore_ament_install']
[0.889s] Level 1:colcon.colcon_core.package_identification:_identify(src/tasks12) by extension 'ignore'
[0.891s] Level 1:colcon.colcon_core.package_identification:_identify(src/tasks12) by extension 'ignore_ament_install'
[0.894s] Level 1:colcon.colcon_core.package_identification:_identify(src/tasks12) by extensions ['colcon_pkg']
[0.894s] Level 1:colcon.colcon_core.package_identification:_identify(src/tasks12) by extension 'colcon_pkg'
[0.896s] Level 1:colcon.colcon_core.package_identification:_identify(src/tasks12) by extensions ['colcon_meta']
[0.896s] Level 1:colcon.colcon_core.package_identification:_identify(src/tasks12) by extension 'colcon_meta'
[0.898s] Level 1:colcon.colcon_core.package_identification:_identify(src/tasks12) by extensions ['ros']
[0.898s] Level 1:colcon.colcon_core.package_identification:_identify(src/tasks12) by extension 'ros'
[0.918s] DEBUG:colcon.colcon_core.package_identification:Package 'src/tasks12' with type 'ros.ament_python' and name 'tasks12'
[0.918s] Level 1:colcon.colcon_core.package_discovery:discover_packages(recursive) using defaults
[0.918s] Level 1:colcon.colcon_core.package_discovery:discover_packages(ignore) discover
[0.919s] Level 1:colcon.colcon_core.package_discovery:discover_packages(ignore) using defaults
[0.919s] Level 1:colcon.colcon_core.package_discovery:discover_packages(path) discover
[0.919s] Level 1:colcon.colcon_core.package_discovery:discover_packages(path) using defaults
[0.998s] Level 1:colcon.colcon_core.package_discovery:discover_packages(prefix_path) check parameters
[0.998s] Level 1:colcon.colcon_core.package_discovery:discover_packages(prefix_path) discover
[1.030s] DEBUG:colcon.colcon_installed_package_information.package_discovery:Found 1 installed packages in /home/vscode/workspace/path-planning/install
[1.034s] DEBUG:colcon.colcon_installed_package_information.package_discovery:Found 350 installed packages in /opt/ros/humble
[1.035s] Level 1:colcon.colcon_core.package_discovery:discover_packages(prefix_path) using defaults
[1.155s] Level 5:colcon.colcon_core.verb:set package 'tasks12' build argument 'cmake_args' from command line to 'None'
[1.156s] Level 5:colcon.colcon_core.verb:set package 'tasks12' build argument 'cmake_target' from command line to 'None'
[1.156s] Level 5:colcon.colcon_core.verb:set package 'tasks12' build argument 'cmake_target_skip_unavailable' from command line to 'False'
[1.156s] Level 5:colcon.colcon_core.verb:set package 'tasks12' build argument 'cmake_clean_cache' from command line to 'False'
[1.156s] Level 5:colcon.colcon_core.verb:set package 'tasks12' build argument 'cmake_clean_first' from command line to 'False'
[1.157s] Level 5:colcon.colcon_core.verb:set package 'tasks12' build argument 'cmake_force_configure' from command line to 'False'
[1.157s] Level 5:colcon.colcon_core.verb:set package 'tasks12' build argument 'ament_cmake_args' from command line to 'None'
[1.157s] Level 5:colcon.colcon_core.verb:set package 'tasks12' build argument 'catkin_cmake_args' from command line to 'None'
[1.157s] Level 5:colcon.colcon_core.verb:set package 'tasks12' build argument 'catkin_skip_building_tests' from command line to 'False'
[1.157s] DEBUG:colcon.colcon_core.verb:Building package 'tasks12' with the following arguments: {'ament_cmake_args': None, 'build_base': '/home/vscode/workspace/path-planning/build/tasks12', 'catkin_cmake_args': None, 'catkin_skip_building_tests': False, 'cmake_args': None, 'cmake_clean_cache': False, 'cmake_clean_first': False, 'cmake_force_configure': False, 'cmake_target': None, 'cmake_target_skip_unavailable': False, 'install_base': '/home/vscode/workspace/path-planning/install/tasks12', 'merge_install': False, 'path': '/home/vscode/workspace/path-planning/src/tasks12', 'symlink_install': False, 'test_result_base': None}
[1.158s] INFO:colcon.colcon_core.executor:Executing jobs using 'parallel' executor
[1.159s] DEBUG:colcon.colcon_parallel_executor.executor.parallel:run_until_complete
[1.160s] INFO:colcon.colcon_ros.task.ament_python.build:Building ROS package in '/home/vscode/workspace/path-planning/src/tasks12' with build type 'ament_python'
[1.160s] Level 1:colcon.colcon_core.shell:create_environment_hook('tasks12', 'ament_prefix_path')
[1.170s] INFO:colcon.colcon_core.plugin_system:Skipping extension 'colcon_core.shell.bat': Not used on non-Windows systems
[1.171s] INFO:colcon.colcon_core.shell:Creating environment hook '/home/vscode/workspace/path-planning/install/tasks12/share/tasks12/hook/ament_prefix_path.ps1'
[1.185s] INFO:colcon.colcon_core.shell:Creating environment descriptor '/home/vscode/workspace/path-planning/install/tasks12/share/tasks12/hook/ament_prefix_path.dsv'
[1.198s] INFO:colcon.colcon_core.shell:Creating environment hook '/home/vscode/workspace/path-planning/install/tasks12/share/tasks12/hook/ament_prefix_path.sh'
[1.212s] INFO:colcon.colcon_core.shell:Skip shell extension 'powershell' for command environment: Not usable outside of PowerShell
[1.213s] DEBUG:colcon.colcon_core.shell:Skip shell extension 'dsv' for command environment
[1.931s] INFO:colcon.colcon_core.task.python.build:Building Python package in '/home/vscode/workspace/path-planning/src/tasks12'
[1.931s] INFO:colcon.colcon_core.shell:Skip shell extension 'powershell' for command environment: Not usable outside of PowerShell
[1.932s] DEBUG:colcon.colcon_core.shell:Skip shell extension 'dsv' for command environment
[3.096s] DEBUG:colcon.colcon_core.event_handler.log_command:Invoking command in '/home/vscode/workspace/path-planning/src/tasks12': PYTHONPATH=/home/vscode/workspace/path-planning/build/tasks12/prefix_override:/usr/lib/python3/dist-packages/colcon_core/task/python/colcon_distutils_commands:/home/vscode/workspace/path-planning/install/tasks12/lib/python3.10/site-packages:${PYTHONPATH} /usr/bin/python3 -W ignore:setup.py install is deprecated -W ignore:easy_install command is deprecated setup.py egg_info --egg-base ../../build/tasks12 build --build-base /home/vscode/workspace/path-planning/build/tasks12/build install --record /home/vscode/workspace/path-planning/build/tasks12/install.log --single-version-externally-managed install_data
[4.898s] DEBUG:colcon.colcon_core.event_handler.log_command:Invoked command in '/home/vscode/workspace/path-planning/src/tasks12' returned '0': PYTHONPATH=/home/vscode/workspace/path-planning/build/tasks12/prefix_override:/usr/lib/python3/dist-packages/colcon_core/task/python/colcon_distutils_commands:/home/vscode/workspace/path-planning/install/tasks12/lib/python3.10/site-packages:${PYTHONPATH} /usr/bin/python3 -W ignore:setup.py install is deprecated -W ignore:easy_install command is deprecated setup.py egg_info --egg-base ../../build/tasks12 build --build-base /home/vscode/workspace/path-planning/build/tasks12/build install --record /home/vscode/workspace/path-planning/build/tasks12/install.log --single-version-externally-managed install_data
[4.920s] Level 1:colcon.colcon_core.environment:checking '/home/vscode/workspace/path-planning/install/tasks12' for CMake module files
[4.975s] Level 1:colcon.colcon_core.environment:checking '/home/vscode/workspace/path-planning/install/tasks12' for CMake config files
[5.077s] Level 1:colcon.colcon_core.environment:checking '/home/vscode/workspace/path-planning/install/tasks12/lib'
[5.081s] Level 1:colcon.colcon_core.environment:checking '/home/vscode/workspace/path-planning/install/tasks12/bin'
[5.083s] Level 1:colcon.colcon_core.environment:checking '/home/vscode/workspace/path-planning/install/tasks12/lib/pkgconfig/tasks12.pc'
[5.084s] Level 1:colcon.colcon_core.environment:checking '/home/vscode/workspace/path-planning/install/tasks12/lib/python3.10/site-packages'
[5.087s] Level 1:colcon.colcon_core.shell:create_environment_hook('tasks12', 'pythonpath')
[5.088s] INFO:colcon.colcon_core.shell:Creating environment hook '/home/vscode/workspace/path-planning/install/tasks12/share/tasks12/hook/pythonpath.ps1'
[5.102s] INFO:colcon.colcon_core.shell:Creating environment descriptor '/home/vscode/workspace/path-planning/install/tasks12/share/tasks12/hook/pythonpath.dsv'
[5.116s] INFO:colcon.colcon_core.shell:Creating environment hook '/home/vscode/workspace/path-planning/install/tasks12/share/tasks12/hook/pythonpath.sh'
[5.132s] Level 1:colcon.colcon_core.environment:checking '/home/vscode/workspace/path-planning/install/tasks12/bin'
[5.134s] Level 1:colcon.colcon_core.environment:create_environment_scripts_only(tasks12)
[5.134s] INFO:colcon.colcon_core.shell:Creating package script '/home/vscode/workspace/path-planning/install/tasks12/share/tasks12/package.ps1'
[5.147s] INFO:colcon.colcon_core.shell:Creating package descriptor '/home/vscode/workspace/path-planning/install/tasks12/share/tasks12/package.dsv'
[5.159s] INFO:colcon.colcon_core.shell:Creating package script '/home/vscode/workspace/path-planning/install/tasks12/share/tasks12/package.sh'
[5.172s] INFO:colcon.colcon_core.shell:Creating package script '/home/vscode/workspace/path-planning/install/tasks12/share/tasks12/package.bash'
[5.185s] INFO:colcon.colcon_core.shell:Creating package script '/home/vscode/workspace/path-planning/install/tasks12/share/tasks12/package.zsh'
[5.197s] Level 1:colcon.colcon_core.environment:create_file_with_runtime_dependencies(/home/vscode/workspace/path-planning/install/tasks12/share/colcon-core/packages/tasks12)
[5.206s] DEBUG:colcon.colcon_parallel_executor.executor.parallel:closing loop
[5.207s] DEBUG:colcon.colcon_parallel_executor.executor.parallel:loop closed
[5.207s] DEBUG:colcon.colcon_parallel_executor.executor.parallel:run_until_complete finished with '0'
[5.208s] DEBUG:colcon.colcon_core.event_reactor:joining thread
[5.229s] INFO:colcon.colcon_core.plugin_system:Skipping extension 'colcon_notification.desktop_notification.notify_send': Could not find 'notify-send'
[5.230s] INFO:colcon.colcon_core.plugin_system:Skipping extension 'colcon_notification.desktop_notification.terminal_notifier': Not used on non-Darwin systems
[5.230s] INFO:colcon.colcon_core.plugin_system:Skipping extension 'colcon_notification.desktop_notification.win32': Not used on non-Windows systems
[5.230s] INFO:colcon.colcon_notification.desktop_notification:Sending desktop notification using 'notify2'
[5.234s] DEBUG:colcon.colcon_notification.desktop_notification.notify2:Failed to initialize notify2: org.freedesktop.DBus.Error.Spawn.ExecFailed: /usr/bin/dbus-launch terminated abnormally without any error message
[5.235s] DEBUG:colcon.colcon_core.event_reactor:joined thread
[5.236s] INFO:colcon.colcon_core.shell:Creating prefix script '/home/vscode/workspace/path-planning/install/local_setup.ps1'
[5.242s] INFO:colcon.colcon_core.shell:Creating prefix util module '/home/vscode/workspace/path-planning/install/_local_setup_util_ps1.py'
[5.249s] INFO:colcon.colcon_core.shell:Creating prefix chain script '/home/vscode/workspace/path-planning/install/setup.ps1'
[5.264s] INFO:colcon.colcon_core.shell:Creating prefix script '/home/vscode/workspace/path-planning/install/local_setup.sh'
[5.271s] INFO:colcon.colcon_core.shell:Creating prefix util module '/home/vscode/workspace/path-planning/install/_local_setup_util_sh.py'
[5.277s] INFO:colcon.colcon_core.shell:Creating prefix chain script '/home/vscode/workspace/path-planning/install/setup.sh'
[5.293s] INFO:colcon.colcon_core.shell:Creating prefix script '/home/vscode/workspace/path-planning/install/local_setup.bash'
[5.299s] INFO:colcon.colcon_core.shell:Creating prefix chain script '/home/vscode/workspace/path-planning/install/setup.bash'
[5.311s] INFO:colcon.colcon_core.shell:Creating prefix script '/home/vscode/workspace/path-planning/install/local_setup.zsh'
[5.316s] INFO:colcon.colcon_core.shell:Creating prefix chain script '/home/vscode/workspace/path-planning/install/setup.zsh'
