[0.358s] Invoking command in '/home/thomasy22/agrobot-navigation/Navigation/path-planning/src/tasks12': PYTHONPATH=/home/thomasy22/agrobot-navigation/Navigation/build/tasks12/prefix_override:/usr/lib/python3/dist-packages/colcon_core/task/python/colcon_distutils_commands:/home/thomasy22/agrobot-navigation/Navigation/install/tasks12/lib/python3.10/site-packages:${PYTHONPATH} /usr/bin/python3 -W ignore:setup.py install is deprecated -W ignore:easy_install command is deprecated setup.py egg_info --egg-base ../../../build/tasks12 build --build-base /home/thomasy22/agrobot-navigation/Navigation/build/tasks12/build install --record /home/thomasy22/agrobot-navigation/Navigation/build/tasks12/install.log --single-version-externally-managed install_data
[0.459s] running egg_info
[0.459s] writing ../../../build/tasks12/tasks12.egg-info/PKG-INFO
[0.459s] writing dependency_links to ../../../build/tasks12/tasks12.egg-info/dependency_links.txt
[0.459s] writing entry points to ../../../build/tasks12/tasks12.egg-info/entry_points.txt
[0.459s] writing requirements to ../../../build/tasks12/tasks12.egg-info/requires.txt
[0.459s] writing top-level names to ../../../build/tasks12/tasks12.egg-info/top_level.txt
[0.460s] reading manifest file '../../../build/tasks12/tasks12.egg-info/SOURCES.txt'
[0.461s] writing manifest file '../../../build/tasks12/tasks12.egg-info/SOURCES.txt'
[0.461s] running build
[0.461s] running build_py
[0.461s] running install
[0.461s] running install_lib
[0.462s] running install_data
[0.462s] running install_egg_info
[0.463s] removing '/home/thomasy22/agrobot-navigation/Navigation/install/tasks12/lib/python3.10/site-packages/tasks12-0.0.0-py3.10.egg-info' (and everything under it)
[0.464s] Copying ../../../build/tasks12/tasks12.egg-info to /home/thomasy22/agrobot-navigation/Navigation/install/tasks12/lib/python3.10/site-packages/tasks12-0.0.0-py3.10.egg-info
[0.464s] running install_scripts
[0.475s] writing list of installed files to '/home/thomasy22/agrobot-navigation/Navigation/build/tasks12/install.log'
[0.487s] Invoked command in '/home/thomasy22/agrobot-navigation/Navigation/path-planning/src/tasks12' returned '0': PYTHONPATH=/home/thomasy22/agrobot-navigation/Navigation/build/tasks12/prefix_override:/usr/lib/python3/dist-packages/colcon_core/task/python/colcon_distutils_commands:/home/thomasy22/agrobot-navigation/Navigation/install/tasks12/lib/python3.10/site-packages:${PYTHONPATH} /usr/bin/python3 -W ignore:setup.py install is deprecated -W ignore:easy_install command is deprecated setup.py egg_info --egg-base ../../../build/tasks12 build --build-base /home/thomasy22/agrobot-navigation/Navigation/build/tasks12/build install --record /home/thomasy22/agrobot-navigation/Navigation/build/tasks12/install.log --single-version-externally-managed install_data
