[0.013s] Invoking command in '/home/thomasy22/agrobot-navigation/Navigation/build/rslidar_sdk': /usr/bin/cmake /home/thomasy22/agrobot-navigation/Navigation/rslidar_sdk -DCATKIN_INSTALL_INTO_PREFIX_ROOT=0 -DCMAKE_INSTALL_PREFIX=/home/thomasy22/agrobot-navigation/Navigation/install/rslidar_sdk
[0.136s] [0m=============================================================[0m
[0.136s] [0m-- POINT_TYPE is XYZI[0m
[0.137s] [0m=============================================================[0m
[5.754s] [0m=============================================================[0m
[5.755s] [0m-- ROS Not Found. ROS Support is turned Off.[0m
[5.755s] [0m=============================================================[0m
[10.982s] [0m=============================================================[0m
[10.993s] [0m-- ROS2 Not Found. ROS2 Support is turned Off.[0m
[10.993s] [0m=============================================================[0m
[10.993s] [31mCMake Error at CMakeLists.txt:159 (add_subdirectory):
[10.993s]   The source directory
[10.993s] 
[10.993s]     /home/thomasy22/agrobot-navigation/Navigation/rslidar_sdk/src/rs_driver
[10.993s] 
[10.993s]   does not contain a CMakeLists.txt file.
[10.993s] 
[10.993s] [0m
[16.778s] [31mCMake Error at CMakeLists.txt:160 (find_package):
[16.778s]   By not providing "Findrs_driver.cmake" in CMAKE_MODULE_PATH this project
[16.778s]   has asked CMake to find a package configuration file provided by
[16.778s]   "rs_driver", but CMake did not find one.
[16.779s] 
[16.779s]   Could not find a package configuration file provided by "rs_driver" with
[16.779s]   any of the following names:
[16.779s] 
[16.779s]     rs_driverConfig.cmake
[16.779s]     rs_driver-config.cmake
[16.779s] 
[16.779s]   Add the installation prefix of "rs_driver" to CMAKE_PREFIX_PATH or set
[16.779s]   "rs_driver_DIR" to a directory containing one of the above files.  If
[16.779s]   "rs_driver" provides a separate development package or SDK, be sure it has
[16.779s]   been installed.
[16.779s] 
[16.779s] [0m
[16.779s] -- Configuring incomplete, errors occurred!
[16.779s] See also "/home/thomasy22/agrobot-navigation/Navigation/build/rslidar_sdk/CMakeFiles/CMakeOutput.log".
[16.781s] Invoked command in '/home/thomasy22/agrobot-navigation/Navigation/build/rslidar_sdk' returned '1': /usr/bin/cmake /home/thomasy22/agrobot-navigation/Navigation/rslidar_sdk -DCATKIN_INSTALL_INTO_PREFIX_ROOT=0 -DCMAKE_INSTALL_PREFIX=/home/thomasy22/agrobot-navigation/Navigation/install/rslidar_sdk
