[0.192s] DEBUG:colcon:Command line arguments: ['/usr/bin/colcon', 'build']
[0.192s] DEBUG:colcon:Parsed command line arguments: Namespace(log_base=None, log_level=None, verb_name='build', build_base='build', install_base='install', merge_install=False, symlink_install=False, test_result_base=None, continue_on_error=False, executor='parallel', parallel_workers=16, event_handlers=None, ignore_user_meta=False, metas=['./colcon.meta'], base_paths=['.'], packages_ignore=None, packages_ignore_regex=None, paths=None, packages_up_to=None, packages_up_to_regex=None, packages_above=None, packages_above_and_dependencies=None, packages_above_depth=None, packages_select_by_dep=None, packages_skip_by_dep=None, packages_skip_up_to=None, packages_select_build_failed=False, packages_skip_build_finished=False, packages_select_test_failures=False, packages_skip_test_passed=False, packages_select=None, packages_skip=None, packages_select_regex=None, packages_skip_regex=None, packages_start=None, packages_end=None, allow_overriding=[], cmake_args=None, cmake_target=None, cmake_target_skip_unavailable=False, cmake_clean_cache=False, cmake_clean_first=False, cmake_force_configure=False, ament_cmake_args=None, catkin_cmake_args=None, catkin_skip_building_tests=False, mixin_files=None, mixin=None, verb_parser=<colcon_mixin.mixin.mixin_argument.MixinArgumentDecorator object at 0x7159032ec9a0>, verb_extension=<colcon_core.verb.build.BuildVerb object at 0x7159034ddf00>, main=<bound method BuildVerb.main of <colcon_core.verb.build.BuildVerb object at 0x7159034ddf00>>, mixin_verb=('build',))
[0.356s] Level 1:colcon.colcon_core.package_discovery:discover_packages(colcon_meta) check parameters
[0.356s] Level 1:colcon.colcon_core.package_discovery:discover_packages(recursive) check parameters
[0.356s] Level 1:colcon.colcon_core.package_discovery:discover_packages(ignore) check parameters
[0.356s] Level 1:colcon.colcon_core.package_discovery:discover_packages(path) check parameters
[0.356s] Level 1:colcon.colcon_core.package_discovery:discover_packages(colcon_meta) discover
[0.356s] Level 1:colcon.colcon_core.package_discovery:discover_packages(recursive) discover
[0.356s] INFO:colcon.colcon_core.package_discovery:Crawling recursively for packages in '/home/vscode/workspace/path-planning'
[0.356s] Level 1:colcon.colcon_core.package_identification:_identify(.) by extensions ['ignore', 'ignore_ament_install']
[0.356s] Level 1:colcon.colcon_core.package_identification:_identify(.) by extension 'ignore'
[0.356s] Level 1:colcon.colcon_core.package_identification:_identify(.) by extension 'ignore_ament_install'
[0.356s] Level 1:colcon.colcon_core.package_identification:_identify(.) by extensions ['colcon_pkg']
[0.356s] Level 1:colcon.colcon_core.package_identification:_identify(.) by extension 'colcon_pkg'
[0.356s] Level 1:colcon.colcon_core.package_identification:_identify(.) by extensions ['colcon_meta']
[0.356s] Level 1:colcon.colcon_core.package_identification:_identify(.) by extension 'colcon_meta'
[0.356s] Level 1:colcon.colcon_core.package_identification:_identify(.) by extensions ['ros']
[0.356s] Level 1:colcon.colcon_core.package_identification:_identify(.) by extension 'ros'
[0.371s] Level 1:colcon.colcon_core.package_identification:_identify(.) by extensions ['cmake', 'python']
[0.371s] Level 1:colcon.colcon_core.package_identification:_identify(.) by extension 'cmake'
[0.371s] Level 1:colcon.colcon_core.package_identification:_identify(.) by extension 'python'
[0.371s] Level 1:colcon.colcon_core.package_identification:_identify(.) by extensions ['python_setup_py']
[0.371s] Level 1:colcon.colcon_core.package_identification:_identify(.) by extension 'python_setup_py'
[0.372s] Level 1:colcon.colcon_core.package_identification:_identify(build) by extensions ['ignore', 'ignore_ament_install']
[0.372s] Level 1:colcon.colcon_core.package_identification:_identify(build) by extension 'ignore'
[0.372s] Level 1:colcon.colcon_core.package_identification:_identify(build) ignored
[0.372s] Level 1:colcon.colcon_core.package_identification:_identify(install) by extensions ['ignore', 'ignore_ament_install']
[0.372s] Level 1:colcon.colcon_core.package_identification:_identify(install) by extension 'ignore'
[0.372s] Level 1:colcon.colcon_core.package_identification:_identify(install) ignored
[0.372s] Level 1:colcon.colcon_core.package_identification:_identify(log) by extensions ['ignore', 'ignore_ament_install']
[0.372s] Level 1:colcon.colcon_core.package_identification:_identify(log) by extension 'ignore'
[0.372s] Level 1:colcon.colcon_core.package_identification:_identify(log) ignored
[0.372s] Level 1:colcon.colcon_core.package_identification:_identify(src) by extensions ['ignore', 'ignore_ament_install']
[0.372s] Level 1:colcon.colcon_core.package_identification:_identify(src) by extension 'ignore'
[0.372s] Level 1:colcon.colcon_core.package_identification:_identify(src) by extension 'ignore_ament_install'
[0.372s] Level 1:colcon.colcon_core.package_identification:_identify(src) by extensions ['colcon_pkg']
[0.372s] Level 1:colcon.colcon_core.package_identification:_identify(src) by extension 'colcon_pkg'
[0.372s] Level 1:colcon.colcon_core.package_identification:_identify(src) by extensions ['colcon_meta']
[0.372s] Level 1:colcon.colcon_core.package_identification:_identify(src) by extension 'colcon_meta'
[0.372s] Level 1:colcon.colcon_core.package_identification:_identify(src) by extensions ['ros']
[0.372s] Level 1:colcon.colcon_core.package_identification:_identify(src) by extension 'ros'
[0.372s] Level 1:colcon.colcon_core.package_identification:_identify(src) by extensions ['cmake', 'python']
[0.372s] Level 1:colcon.colcon_core.package_identification:_identify(src) by extension 'cmake'
[0.372s] Level 1:colcon.colcon_core.package_identification:_identify(src) by extension 'python'
[0.372s] Level 1:colcon.colcon_core.package_identification:_identify(src) by extensions ['python_setup_py']
[0.373s] Level 1:colcon.colcon_core.package_identification:_identify(src) by extension 'python_setup_py'
[0.373s] Level 1:colcon.colcon_core.package_identification:_identify(src/tasks12) by extensions ['ignore', 'ignore_ament_install']
[0.373s] Level 1:colcon.colcon_core.package_identification:_identify(src/tasks12) by extension 'ignore'
[0.373s] Level 1:colcon.colcon_core.package_identification:_identify(src/tasks12) by extension 'ignore_ament_install'
[0.373s] Level 1:colcon.colcon_core.package_identification:_identify(src/tasks12) by extensions ['colcon_pkg']
[0.373s] Level 1:colcon.colcon_core.package_identification:_identify(src/tasks12) by extension 'colcon_pkg'
[0.373s] Level 1:colcon.colcon_core.package_identification:_identify(src/tasks12) by extensions ['colcon_meta']
[0.373s] Level 1:colcon.colcon_core.package_identification:_identify(src/tasks12) by extension 'colcon_meta'
[0.373s] Level 1:colcon.colcon_core.package_identification:_identify(src/tasks12) by extensions ['ros']
[0.373s] Level 1:colcon.colcon_core.package_identification:_identify(src/tasks12) by extension 'ros'
[0.376s] DEBUG:colcon.colcon_core.package_identification:Package 'src/tasks12' with type 'ros.ament_python' and name 'tasks12'
[0.376s] Level 1:colcon.colcon_core.package_discovery:discover_packages(recursive) using defaults
[0.377s] Level 1:colcon.colcon_core.package_discovery:discover_packages(ignore) discover
[0.377s] Level 1:colcon.colcon_core.package_discovery:discover_packages(ignore) using defaults
[0.377s] Level 1:colcon.colcon_core.package_discovery:discover_packages(path) discover
[0.377s] Level 1:colcon.colcon_core.package_discovery:discover_packages(path) using defaults
[0.402s] Level 1:colcon.colcon_core.package_discovery:discover_packages(prefix_path) check parameters
[0.402s] Level 1:colcon.colcon_core.package_discovery:discover_packages(prefix_path) discover
[0.416s] DEBUG:colcon.colcon_installed_package_information.package_discovery:Found 277 installed packages in /opt/ros/humble
[0.416s] Level 1:colcon.colcon_core.package_discovery:discover_packages(prefix_path) using defaults
[0.498s] Level 5:colcon.colcon_core.verb:set package 'tasks12' build argument 'cmake_args' from command line to 'None'
[0.498s] Level 5:colcon.colcon_core.verb:set package 'tasks12' build argument 'cmake_target' from command line to 'None'
[0.498s] Level 5:colcon.colcon_core.verb:set package 'tasks12' build argument 'cmake_target_skip_unavailable' from command line to 'False'
[0.498s] Level 5:colcon.colcon_core.verb:set package 'tasks12' build argument 'cmake_clean_cache' from command line to 'False'
[0.498s] Level 5:colcon.colcon_core.verb:set package 'tasks12' build argument 'cmake_clean_first' from command line to 'False'
[0.498s] Level 5:colcon.colcon_core.verb:set package 'tasks12' build argument 'cmake_force_configure' from command line to 'False'
[0.498s] Level 5:colcon.colcon_core.verb:set package 'tasks12' build argument 'ament_cmake_args' from command line to 'None'
[0.498s] Level 5:colcon.colcon_core.verb:set package 'tasks12' build argument 'catkin_cmake_args' from command line to 'None'
[0.498s] Level 5:colcon.colcon_core.verb:set package 'tasks12' build argument 'catkin_skip_building_tests' from command line to 'False'
[0.498s] DEBUG:colcon.colcon_core.verb:Building package 'tasks12' with the following arguments: {'ament_cmake_args': None, 'build_base': '/home/vscode/workspace/path-planning/build/tasks12', 'catkin_cmake_args': None, 'catkin_skip_building_tests': False, 'cmake_args': None, 'cmake_clean_cache': False, 'cmake_clean_first': False, 'cmake_force_configure': False, 'cmake_target': None, 'cmake_target_skip_unavailable': False, 'install_base': '/home/vscode/workspace/path-planning/install/tasks12', 'merge_install': False, 'path': '/home/vscode/workspace/path-planning/src/tasks12', 'symlink_install': False, 'test_result_base': None}
[0.498s] INFO:colcon.colcon_core.executor:Executing jobs using 'parallel' executor
[0.499s] DEBUG:colcon.colcon_parallel_executor.executor.parallel:run_until_complete
[0.499s] INFO:colcon.colcon_ros.task.ament_python.build:Building ROS package in '/home/vscode/workspace/path-planning/src/tasks12' with build type 'ament_python'
[0.500s] Level 1:colcon.colcon_core.shell:create_environment_hook('tasks12', 'ament_prefix_path')
[0.505s] INFO:colcon.colcon_core.plugin_system:Skipping extension 'colcon_core.shell.bat': Not used on non-Windows systems
[0.505s] INFO:colcon.colcon_core.shell:Creating environment hook '/home/vscode/workspace/path-planning/install/tasks12/share/tasks12/hook/ament_prefix_path.ps1'
[0.506s] INFO:colcon.colcon_core.shell:Creating environment descriptor '/home/vscode/workspace/path-planning/install/tasks12/share/tasks12/hook/ament_prefix_path.dsv'
[0.507s] INFO:colcon.colcon_core.shell:Creating environment hook '/home/vscode/workspace/path-planning/install/tasks12/share/tasks12/hook/ament_prefix_path.sh'
[0.508s] INFO:colcon.colcon_core.shell:Skip shell extension 'powershell' for command environment: Not usable outside of PowerShell
[0.508s] DEBUG:colcon.colcon_core.shell:Skip shell extension 'dsv' for command environment
[0.723s] INFO:colcon.colcon_core.task.python.build:Building Python package in '/home/vscode/workspace/path-planning/src/tasks12'
[0.723s] INFO:colcon.colcon_core.shell:Skip shell extension 'powershell' for command environment: Not usable outside of PowerShell
[0.723s] DEBUG:colcon.colcon_core.shell:Skip shell extension 'dsv' for command environment
[1.048s] DEBUG:colcon.colcon_core.event_handler.log_command:Invoking command in '/home/vscode/workspace/path-planning/src/tasks12': PYTHONPATH=/home/vscode/workspace/path-planning/build/tasks12/prefix_override:/usr/lib/python3/dist-packages/colcon_core/task/python/colcon_distutils_commands:/home/vscode/workspace/path-planning/install/tasks12/lib/python3.10/site-packages:${PYTHONPATH} /usr/bin/python3 -W ignore:setup.py install is deprecated -W ignore:easy_install command is deprecated setup.py egg_info --egg-base ../../build/tasks12 build --build-base /home/vscode/workspace/path-planning/build/tasks12/build install --record /home/vscode/workspace/path-planning/build/tasks12/install.log --single-version-externally-managed install_data
[1.290s] DEBUG:colcon.colcon_core.event_handler.log_command:Invoked command in '/home/vscode/workspace/path-planning/src/tasks12' returned '0': PYTHONPATH=/home/vscode/workspace/path-planning/build/tasks12/prefix_override:/usr/lib/python3/dist-packages/colcon_core/task/python/colcon_distutils_commands:/home/vscode/workspace/path-planning/install/tasks12/lib/python3.10/site-packages:${PYTHONPATH} /usr/bin/python3 -W ignore:setup.py install is deprecated -W ignore:easy_install command is deprecated setup.py egg_info --egg-base ../../build/tasks12 build --build-base /home/vscode/workspace/path-planning/build/tasks12/build install --record /home/vscode/workspace/path-planning/build/tasks12/install.log --single-version-externally-managed install_data
[1.296s] Level 1:colcon.colcon_core.environment:checking '/home/vscode/workspace/path-planning/install/tasks12' for CMake module files
[1.297s] Level 1:colcon.colcon_core.environment:checking '/home/vscode/workspace/path-planning/install/tasks12' for CMake config files
[1.297s] Level 1:colcon.colcon_core.environment:checking '/home/vscode/workspace/path-planning/install/tasks12/lib'
[1.297s] Level 1:colcon.colcon_core.environment:checking '/home/vscode/workspace/path-planning/install/tasks12/bin'
[1.298s] Level 1:colcon.colcon_core.environment:checking '/home/vscode/workspace/path-planning/install/tasks12/lib/pkgconfig/tasks12.pc'
[1.298s] Level 1:colcon.colcon_core.environment:checking '/home/vscode/workspace/path-planning/install/tasks12/lib/python3.10/site-packages'
[1.298s] Level 1:colcon.colcon_core.shell:create_environment_hook('tasks12', 'pythonpath')
[1.298s] INFO:colcon.colcon_core.shell:Creating environment hook '/home/vscode/workspace/path-planning/install/tasks12/share/tasks12/hook/pythonpath.ps1'
[1.299s] INFO:colcon.colcon_core.shell:Creating environment descriptor '/home/vscode/workspace/path-planning/install/tasks12/share/tasks12/hook/pythonpath.dsv'
[1.299s] INFO:colcon.colcon_core.shell:Creating environment hook '/home/vscode/workspace/path-planning/install/tasks12/share/tasks12/hook/pythonpath.sh'
[1.300s] Level 1:colcon.colcon_core.environment:checking '/home/vscode/workspace/path-planning/install/tasks12/bin'
[1.300s] Level 1:colcon.colcon_core.environment:create_environment_scripts_only(tasks12)
[1.300s] INFO:colcon.colcon_core.shell:Creating package script '/home/vscode/workspace/path-planning/install/tasks12/share/tasks12/package.ps1'
[1.301s] INFO:colcon.colcon_core.shell:Creating package descriptor '/home/vscode/workspace/path-planning/install/tasks12/share/tasks12/package.dsv'
[1.302s] INFO:colcon.colcon_core.shell:Creating package script '/home/vscode/workspace/path-planning/install/tasks12/share/tasks12/package.sh'
[1.303s] INFO:colcon.colcon_core.shell:Creating package script '/home/vscode/workspace/path-planning/install/tasks12/share/tasks12/package.bash'
[1.304s] INFO:colcon.colcon_core.shell:Creating package script '/home/vscode/workspace/path-planning/install/tasks12/share/tasks12/package.zsh'
[1.305s] Level 1:colcon.colcon_core.environment:create_file_with_runtime_dependencies(/home/vscode/workspace/path-planning/install/tasks12/share/colcon-core/packages/tasks12)
[1.305s] DEBUG:colcon.colcon_parallel_executor.executor.parallel:closing loop
[1.306s] DEBUG:colcon.colcon_parallel_executor.executor.parallel:loop closed
[1.306s] DEBUG:colcon.colcon_parallel_executor.executor.parallel:run_until_complete finished with '0'
[1.306s] DEBUG:colcon.colcon_core.event_reactor:joining thread
[1.318s] INFO:colcon.colcon_core.plugin_system:Skipping extension 'colcon_notification.desktop_notification.notify_send': Could not find 'notify-send'
[1.319s] INFO:colcon.colcon_core.plugin_system:Skipping extension 'colcon_notification.desktop_notification.terminal_notifier': Not used on non-Darwin systems
[1.319s] INFO:colcon.colcon_core.plugin_system:Skipping extension 'colcon_notification.desktop_notification.win32': Not used on non-Windows systems
[1.319s] INFO:colcon.colcon_notification.desktop_notification:Sending desktop notification using 'notify2'
[1.322s] DEBUG:colcon.colcon_notification.desktop_notification.notify2:Failed to initialize notify2: org.freedesktop.DBus.Error.Spawn.ExecFailed: /usr/bin/dbus-launch terminated abnormally without any error message
[1.323s] DEBUG:colcon.colcon_core.event_reactor:joined thread
[1.324s] INFO:colcon.colcon_core.shell:Creating prefix script '/home/vscode/workspace/path-planning/install/local_setup.ps1'
[1.325s] INFO:colcon.colcon_core.shell:Creating prefix util module '/home/vscode/workspace/path-planning/install/_local_setup_util_ps1.py'
[1.327s] INFO:colcon.colcon_core.shell:Creating prefix chain script '/home/vscode/workspace/path-planning/install/setup.ps1'
[1.328s] INFO:colcon.colcon_core.shell:Creating prefix script '/home/vscode/workspace/path-planning/install/local_setup.sh'
[1.330s] INFO:colcon.colcon_core.shell:Creating prefix util module '/home/vscode/workspace/path-planning/install/_local_setup_util_sh.py'
[1.330s] INFO:colcon.colcon_core.shell:Creating prefix chain script '/home/vscode/workspace/path-planning/install/setup.sh'
[1.331s] INFO:colcon.colcon_core.shell:Creating prefix script '/home/vscode/workspace/path-planning/install/local_setup.bash'
[1.332s] INFO:colcon.colcon_core.shell:Creating prefix chain script '/home/vscode/workspace/path-planning/install/setup.bash'
[1.334s] INFO:colcon.colcon_core.shell:Creating prefix script '/home/vscode/workspace/path-planning/install/local_setup.zsh'
[1.335s] INFO:colcon.colcon_core.shell:Creating prefix chain script '/home/vscode/workspace/path-planning/install/setup.zsh'
