[0.333s] DEBUG:colcon:Command line arguments: ['/usr/bin/colcon', 'build']
[0.334s] DEBUG:colcon:Parsed command line arguments: Namespace(log_base=None, log_level=None, verb_name='build', build_base='build', install_base='install', merge_install=False, symlink_install=False, test_result_base=None, continue_on_error=False, executor='parallel', parallel_workers=24, event_handlers=None, ignore_user_meta=False, metas=['./colcon.meta'], base_paths=['.'], packages_ignore=None, packages_ignore_regex=None, paths=None, packages_up_to=None, packages_up_to_regex=None, packages_above=None, packages_above_and_dependencies=None, packages_above_depth=None, packages_select_by_dep=None, packages_skip_by_dep=None, packages_skip_up_to=None, packages_select_build_failed=False, packages_skip_build_finished=False, packages_select_test_failures=False, packages_skip_test_passed=False, packages_select=None, packages_skip=None, packages_select_regex=None, packages_skip_regex=None, packages_start=None, packages_end=None, allow_overriding=[], cmake_args=None, cmake_target=None, cmake_target_skip_unavailable=False, cmake_clean_cache=False, cmake_clean_first=False, cmake_force_configure=False, ament_cmake_args=None, catkin_cmake_args=None, catkin_skip_building_tests=False, mixin_files=None, mixin=None, verb_parser=<colcon_mixin.mixin.mixin_argument.MixinArgumentDecorator object at 0x7f5cf1e453c0>, verb_extension=<colcon_core.verb.build.BuildVerb object at 0x7f5cf1fc6050>, main=<bound method BuildVerb.main of <colcon_core.verb.build.BuildVerb object at 0x7f5cf1fc6050>>, mixin_verb=('build',))
[0.477s] Level 1:colcon.colcon_core.package_discovery:discover_packages(colcon_meta) check parameters
[0.477s] Level 1:colcon.colcon_core.package_discovery:discover_packages(recursive) check parameters
[0.477s] Level 1:colcon.colcon_core.package_discovery:discover_packages(ignore) check parameters
[0.477s] Level 1:colcon.colcon_core.package_discovery:discover_packages(path) check parameters
[0.477s] Level 1:colcon.colcon_core.package_discovery:discover_packages(colcon_meta) discover
[0.477s] Level 1:colcon.colcon_core.package_discovery:discover_packages(recursive) discover
[0.477s] INFO:colcon.colcon_core.package_discovery:Crawling recursively for packages in '/home/thomasy22/agrobot-navigation/Navigation'
[0.477s] Level 1:colcon.colcon_core.package_identification:_identify(.) by extensions ['ignore', 'ignore_ament_install']
[0.477s] Level 1:colcon.colcon_core.package_identification:_identify(.) by extension 'ignore'
[0.478s] Level 1:colcon.colcon_core.package_identification:_identify(.) by extension 'ignore_ament_install'
[0.478s] Level 1:colcon.colcon_core.package_identification:_identify(.) by extensions ['colcon_pkg']
[0.478s] Level 1:colcon.colcon_core.package_identification:_identify(.) by extension 'colcon_pkg'
[0.478s] Level 1:colcon.colcon_core.package_identification:_identify(.) by extensions ['colcon_meta']
[0.478s] Level 1:colcon.colcon_core.package_identification:_identify(.) by extension 'colcon_meta'
[0.478s] Level 1:colcon.colcon_core.package_identification:_identify(.) by extensions ['ros']
[0.478s] Level 1:colcon.colcon_core.package_identification:_identify(.) by extension 'ros'
[0.487s] Level 1:colcon.colcon_core.package_identification:_identify(.) by extensions ['cmake', 'python']
[0.487s] Level 1:colcon.colcon_core.package_identification:_identify(.) by extension 'cmake'
[0.488s] Level 1:colcon.colcon_core.package_identification:_identify(.) by extension 'python'
[0.488s] Level 1:colcon.colcon_core.package_identification:_identify(.) by extensions ['python_setup_py']
[0.488s] Level 1:colcon.colcon_core.package_identification:_identify(.) by extension 'python_setup_py'
[0.488s] Level 1:colcon.colcon_core.package_identification:_identify(build) by extensions ['ignore', 'ignore_ament_install']
[0.488s] Level 1:colcon.colcon_core.package_identification:_identify(build) by extension 'ignore'
[0.488s] Level 1:colcon.colcon_core.package_identification:_identify(build) ignored
[0.488s] Level 1:colcon.colcon_core.package_identification:_identify(install) by extensions ['ignore', 'ignore_ament_install']
[0.488s] Level 1:colcon.colcon_core.package_identification:_identify(install) by extension 'ignore'
[0.488s] Level 1:colcon.colcon_core.package_identification:_identify(install) ignored
[0.488s] Level 1:colcon.colcon_core.package_identification:_identify(log) by extensions ['ignore', 'ignore_ament_install']
[0.488s] Level 1:colcon.colcon_core.package_identification:_identify(log) by extension 'ignore'
[0.488s] Level 1:colcon.colcon_core.package_identification:_identify(log) ignored
[0.488s] Level 1:colcon.colcon_core.package_identification:_identify(path-planning) by extensions ['ignore', 'ignore_ament_install']
[0.488s] Level 1:colcon.colcon_core.package_identification:_identify(path-planning) by extension 'ignore'
[0.488s] Level 1:colcon.colcon_core.package_identification:_identify(path-planning) by extension 'ignore_ament_install'
[0.488s] Level 1:colcon.colcon_core.package_identification:_identify(path-planning) by extensions ['colcon_pkg']
[0.488s] Level 1:colcon.colcon_core.package_identification:_identify(path-planning) by extension 'colcon_pkg'
[0.488s] Level 1:colcon.colcon_core.package_identification:_identify(path-planning) by extensions ['colcon_meta']
[0.488s] Level 1:colcon.colcon_core.package_identification:_identify(path-planning) by extension 'colcon_meta'
[0.488s] Level 1:colcon.colcon_core.package_identification:_identify(path-planning) by extensions ['ros']
[0.488s] Level 1:colcon.colcon_core.package_identification:_identify(path-planning) by extension 'ros'
[0.488s] Level 1:colcon.colcon_core.package_identification:_identify(path-planning) by extensions ['cmake', 'python']
[0.488s] Level 1:colcon.colcon_core.package_identification:_identify(path-planning) by extension 'cmake'
[0.488s] Level 1:colcon.colcon_core.package_identification:_identify(path-planning) by extension 'python'
[0.488s] Level 1:colcon.colcon_core.package_identification:_identify(path-planning) by extensions ['python_setup_py']
[0.488s] Level 1:colcon.colcon_core.package_identification:_identify(path-planning) by extension 'python_setup_py'
[0.488s] Level 1:colcon.colcon_core.package_identification:_identify(path-planning/build) by extensions ['ignore', 'ignore_ament_install']
[0.488s] Level 1:colcon.colcon_core.package_identification:_identify(path-planning/build) by extension 'ignore'
[0.488s] Level 1:colcon.colcon_core.package_identification:_identify(path-planning/build) ignored
[0.488s] Level 1:colcon.colcon_core.package_identification:_identify(path-planning/install) by extensions ['ignore', 'ignore_ament_install']
[0.488s] Level 1:colcon.colcon_core.package_identification:_identify(path-planning/install) by extension 'ignore'
[0.488s] Level 1:colcon.colcon_core.package_identification:_identify(path-planning/install) ignored
[0.488s] Level 1:colcon.colcon_core.package_identification:_identify(path-planning/log) by extensions ['ignore', 'ignore_ament_install']
[0.488s] Level 1:colcon.colcon_core.package_identification:_identify(path-planning/log) by extension 'ignore'
[0.488s] Level 1:colcon.colcon_core.package_identification:_identify(path-planning/log) ignored
[0.488s] Level 1:colcon.colcon_core.package_identification:_identify(path-planning/src) by extensions ['ignore', 'ignore_ament_install']
[0.489s] Level 1:colcon.colcon_core.package_identification:_identify(path-planning/src) by extension 'ignore'
[0.489s] Level 1:colcon.colcon_core.package_identification:_identify(path-planning/src) by extension 'ignore_ament_install'
[0.489s] Level 1:colcon.colcon_core.package_identification:_identify(path-planning/src) by extensions ['colcon_pkg']
[0.489s] Level 1:colcon.colcon_core.package_identification:_identify(path-planning/src) by extension 'colcon_pkg'
[0.489s] Level 1:colcon.colcon_core.package_identification:_identify(path-planning/src) by extensions ['colcon_meta']
[0.489s] Level 1:colcon.colcon_core.package_identification:_identify(path-planning/src) by extension 'colcon_meta'
[0.489s] Level 1:colcon.colcon_core.package_identification:_identify(path-planning/src) by extensions ['ros']
[0.489s] Level 1:colcon.colcon_core.package_identification:_identify(path-planning/src) by extension 'ros'
[0.489s] Level 1:colcon.colcon_core.package_identification:_identify(path-planning/src) by extensions ['cmake', 'python']
[0.489s] Level 1:colcon.colcon_core.package_identification:_identify(path-planning/src) by extension 'cmake'
[0.489s] Level 1:colcon.colcon_core.package_identification:_identify(path-planning/src) by extension 'python'
[0.489s] Level 1:colcon.colcon_core.package_identification:_identify(path-planning/src) by extensions ['python_setup_py']
[0.489s] Level 1:colcon.colcon_core.package_identification:_identify(path-planning/src) by extension 'python_setup_py'
[0.489s] Level 1:colcon.colcon_core.package_identification:_identify(path-planning/src/tasks12) by extensions ['ignore', 'ignore_ament_install']
[0.489s] Level 1:colcon.colcon_core.package_identification:_identify(path-planning/src/tasks12) by extension 'ignore'
[0.489s] Level 1:colcon.colcon_core.package_identification:_identify(path-planning/src/tasks12) by extension 'ignore_ament_install'
[0.489s] Level 1:colcon.colcon_core.package_identification:_identify(path-planning/src/tasks12) by extensions ['colcon_pkg']
[0.489s] Level 1:colcon.colcon_core.package_identification:_identify(path-planning/src/tasks12) by extension 'colcon_pkg'
[0.489s] Level 1:colcon.colcon_core.package_identification:_identify(path-planning/src/tasks12) by extensions ['colcon_meta']
[0.489s] Level 1:colcon.colcon_core.package_identification:_identify(path-planning/src/tasks12) by extension 'colcon_meta'
[0.489s] Level 1:colcon.colcon_core.package_identification:_identify(path-planning/src/tasks12) by extensions ['ros']
[0.489s] Level 1:colcon.colcon_core.package_identification:_identify(path-planning/src/tasks12) by extension 'ros'
[0.494s] DEBUG:colcon.colcon_core.package_identification:Package 'path-planning/src/tasks12' with type 'ros.ament_python' and name 'tasks12'
[0.494s] Level 1:colcon.colcon_core.package_identification:_identify(rslidar_sdk) by extensions ['ignore', 'ignore_ament_install']
[0.494s] Level 1:colcon.colcon_core.package_identification:_identify(rslidar_sdk) by extension 'ignore'
[0.494s] Level 1:colcon.colcon_core.package_identification:_identify(rslidar_sdk) by extension 'ignore_ament_install'
[0.494s] Level 1:colcon.colcon_core.package_identification:_identify(rslidar_sdk) by extensions ['colcon_pkg']
[0.494s] Level 1:colcon.colcon_core.package_identification:_identify(rslidar_sdk) by extension 'colcon_pkg'
[0.494s] Level 1:colcon.colcon_core.package_identification:_identify(rslidar_sdk) by extensions ['colcon_meta']
[0.494s] Level 1:colcon.colcon_core.package_identification:_identify(rslidar_sdk) by extension 'colcon_meta'
[0.494s] Level 1:colcon.colcon_core.package_identification:_identify(rslidar_sdk) by extensions ['ros']
[0.494s] Level 1:colcon.colcon_core.package_identification:_identify(rslidar_sdk) by extension 'ros'
[0.497s] DEBUG:colcon.colcon_core.package_identification:Package 'rslidar_sdk' with type 'ros.catkin' and name 'rslidar_sdk'
[0.498s] Level 1:colcon.colcon_core.package_identification:_identify(sensor-fusion) by extensions ['ignore', 'ignore_ament_install']
[0.498s] Level 1:colcon.colcon_core.package_identification:_identify(sensor-fusion) by extension 'ignore'
[0.498s] Level 1:colcon.colcon_core.package_identification:_identify(sensor-fusion) by extension 'ignore_ament_install'
[0.498s] Level 1:colcon.colcon_core.package_identification:_identify(sensor-fusion) by extensions ['colcon_pkg']
[0.498s] Level 1:colcon.colcon_core.package_identification:_identify(sensor-fusion) by extension 'colcon_pkg'
[0.498s] Level 1:colcon.colcon_core.package_identification:_identify(sensor-fusion) by extensions ['colcon_meta']
[0.498s] Level 1:colcon.colcon_core.package_identification:_identify(sensor-fusion) by extension 'colcon_meta'
[0.498s] Level 1:colcon.colcon_core.package_identification:_identify(sensor-fusion) by extensions ['ros']
[0.498s] Level 1:colcon.colcon_core.package_identification:_identify(sensor-fusion) by extension 'ros'
[0.498s] Level 1:colcon.colcon_core.package_identification:_identify(sensor-fusion) by extensions ['cmake', 'python']
[0.498s] Level 1:colcon.colcon_core.package_identification:_identify(sensor-fusion) by extension 'cmake'
[0.498s] Level 1:colcon.colcon_core.package_identification:_identify(sensor-fusion) by extension 'python'
[0.498s] Level 1:colcon.colcon_core.package_identification:_identify(sensor-fusion) by extensions ['python_setup_py']
[0.498s] Level 1:colcon.colcon_core.package_identification:_identify(sensor-fusion) by extension 'python_setup_py'
[0.498s] Level 1:colcon.colcon_core.package_identification:_identify(sensor-fusion/rslidar_sdk) by extensions ['ignore', 'ignore_ament_install']
[0.498s] Level 1:colcon.colcon_core.package_identification:_identify(sensor-fusion/rslidar_sdk) by extension 'ignore'
[0.498s] Level 1:colcon.colcon_core.package_identification:_identify(sensor-fusion/rslidar_sdk) by extension 'ignore_ament_install'
[0.498s] Level 1:colcon.colcon_core.package_identification:_identify(sensor-fusion/rslidar_sdk) by extensions ['colcon_pkg']
[0.498s] Level 1:colcon.colcon_core.package_identification:_identify(sensor-fusion/rslidar_sdk) by extension 'colcon_pkg'
[0.498s] Level 1:colcon.colcon_core.package_identification:_identify(sensor-fusion/rslidar_sdk) by extensions ['colcon_meta']
[0.498s] Level 1:colcon.colcon_core.package_identification:_identify(sensor-fusion/rslidar_sdk) by extension 'colcon_meta'
[0.498s] Level 1:colcon.colcon_core.package_identification:_identify(sensor-fusion/rslidar_sdk) by extensions ['ros']
[0.498s] Level 1:colcon.colcon_core.package_identification:_identify(sensor-fusion/rslidar_sdk) by extension 'ros'
[0.498s] Level 1:colcon.colcon_core.package_identification:_identify(sensor-fusion/rslidar_sdk) by extensions ['cmake', 'python']
[0.498s] Level 1:colcon.colcon_core.package_identification:_identify(sensor-fusion/rslidar_sdk) by extension 'cmake'
[0.498s] Level 1:colcon.colcon_core.package_identification:_identify(sensor-fusion/rslidar_sdk) by extension 'python'
[0.498s] Level 1:colcon.colcon_core.package_identification:_identify(sensor-fusion/rslidar_sdk) by extensions ['python_setup_py']
[0.498s] Level 1:colcon.colcon_core.package_identification:_identify(sensor-fusion/rslidar_sdk) by extension 'python_setup_py'
[0.498s] Level 1:colcon.colcon_core.package_discovery:discover_packages(recursive) using defaults
[0.498s] Level 1:colcon.colcon_core.package_discovery:discover_packages(ignore) discover
[0.498s] Level 1:colcon.colcon_core.package_discovery:discover_packages(ignore) using defaults
[0.498s] Level 1:colcon.colcon_core.package_discovery:discover_packages(path) discover
[0.498s] Level 1:colcon.colcon_core.package_discovery:discover_packages(path) using defaults
[0.524s] Level 1:colcon.colcon_core.package_discovery:discover_packages(prefix_path) check parameters
[0.524s] Level 1:colcon.colcon_core.package_discovery:discover_packages(prefix_path) discover
[0.528s] Level 1:colcon.colcon_core.package_discovery:discover_packages(prefix_path) using defaults
[0.529s] Level 5:colcon.colcon_core.verb:set package 'rslidar_sdk' build argument 'cmake_args' from command line to 'None'
[0.529s] Level 5:colcon.colcon_core.verb:set package 'rslidar_sdk' build argument 'cmake_target' from command line to 'None'
[0.529s] Level 5:colcon.colcon_core.verb:set package 'rslidar_sdk' build argument 'cmake_target_skip_unavailable' from command line to 'False'
[0.529s] Level 5:colcon.colcon_core.verb:set package 'rslidar_sdk' build argument 'cmake_clean_cache' from command line to 'False'
[0.529s] Level 5:colcon.colcon_core.verb:set package 'rslidar_sdk' build argument 'cmake_clean_first' from command line to 'False'
[0.529s] Level 5:colcon.colcon_core.verb:set package 'rslidar_sdk' build argument 'cmake_force_configure' from command line to 'False'
[0.529s] Level 5:colcon.colcon_core.verb:set package 'rslidar_sdk' build argument 'ament_cmake_args' from command line to 'None'
[0.529s] Level 5:colcon.colcon_core.verb:set package 'rslidar_sdk' build argument 'catkin_cmake_args' from command line to 'None'
[0.529s] Level 5:colcon.colcon_core.verb:set package 'rslidar_sdk' build argument 'catkin_skip_building_tests' from command line to 'False'
[0.529s] DEBUG:colcon.colcon_core.verb:Building package 'rslidar_sdk' with the following arguments: {'ament_cmake_args': None, 'build_base': '/home/thomasy22/agrobot-navigation/Navigation/build/rslidar_sdk', 'catkin_cmake_args': None, 'catkin_skip_building_tests': False, 'cmake_args': None, 'cmake_clean_cache': False, 'cmake_clean_first': False, 'cmake_force_configure': False, 'cmake_target': None, 'cmake_target_skip_unavailable': False, 'install_base': '/home/thomasy22/agrobot-navigation/Navigation/install/rslidar_sdk', 'merge_install': False, 'path': '/home/thomasy22/agrobot-navigation/Navigation/rslidar_sdk', 'symlink_install': False, 'test_result_base': None}
[0.529s] Level 5:colcon.colcon_core.verb:set package 'tasks12' build argument 'cmake_args' from command line to 'None'
[0.529s] Level 5:colcon.colcon_core.verb:set package 'tasks12' build argument 'cmake_target' from command line to 'None'
[0.530s] Level 5:colcon.colcon_core.verb:set package 'tasks12' build argument 'cmake_target_skip_unavailable' from command line to 'False'
[0.530s] Level 5:colcon.colcon_core.verb:set package 'tasks12' build argument 'cmake_clean_cache' from command line to 'False'
[0.530s] Level 5:colcon.colcon_core.verb:set package 'tasks12' build argument 'cmake_clean_first' from command line to 'False'
[0.530s] Level 5:colcon.colcon_core.verb:set package 'tasks12' build argument 'cmake_force_configure' from command line to 'False'
[0.530s] Level 5:colcon.colcon_core.verb:set package 'tasks12' build argument 'ament_cmake_args' from command line to 'None'
[0.530s] Level 5:colcon.colcon_core.verb:set package 'tasks12' build argument 'catkin_cmake_args' from command line to 'None'
[0.530s] Level 5:colcon.colcon_core.verb:set package 'tasks12' build argument 'catkin_skip_building_tests' from command line to 'False'
[0.530s] DEBUG:colcon.colcon_core.verb:Building package 'tasks12' with the following arguments: {'ament_cmake_args': None, 'build_base': '/home/thomasy22/agrobot-navigation/Navigation/build/tasks12', 'catkin_cmake_args': None, 'catkin_skip_building_tests': False, 'cmake_args': None, 'cmake_clean_cache': False, 'cmake_clean_first': False, 'cmake_force_configure': False, 'cmake_target': None, 'cmake_target_skip_unavailable': False, 'install_base': '/home/thomasy22/agrobot-navigation/Navigation/install/tasks12', 'merge_install': False, 'path': '/home/thomasy22/agrobot-navigation/Navigation/path-planning/src/tasks12', 'symlink_install': False, 'test_result_base': None}
[0.530s] INFO:colcon.colcon_core.executor:Executing jobs using 'parallel' executor
[0.531s] DEBUG:colcon.colcon_parallel_executor.executor.parallel:run_until_complete
[0.531s] INFO:colcon.colcon_ros.task.catkin.build:Building ROS package in '/home/thomasy22/agrobot-navigation/Navigation/rslidar_sdk' with build type 'catkin'
[0.532s] INFO:colcon.colcon_cmake.task.cmake.build:Building CMake package in '/home/thomasy22/agrobot-navigation/Navigation/rslidar_sdk'
[0.538s] INFO:colcon.colcon_core.plugin_system:Skipping extension 'colcon_core.shell.bat': Not used on non-Windows systems
[0.538s] INFO:colcon.colcon_core.shell:Skip shell extension 'powershell' for command environment: Not usable outside of PowerShell
[0.538s] DEBUG:colcon.colcon_core.shell:Skip shell extension 'dsv' for command environment
[0.540s] INFO:colcon.colcon_ros.task.ament_python.build:Building ROS package in '/home/thomasy22/agrobot-navigation/Navigation/path-planning/src/tasks12' with build type 'ament_python'
[0.541s] Level 1:colcon.colcon_core.shell:create_environment_hook('tasks12', 'ament_prefix_path')
[0.541s] INFO:colcon.colcon_core.shell:Creating environment hook '/home/thomasy22/agrobot-navigation/Navigation/install/tasks12/share/tasks12/hook/ament_prefix_path.ps1'
[0.542s] INFO:colcon.colcon_core.shell:Creating environment descriptor '/home/thomasy22/agrobot-navigation/Navigation/install/tasks12/share/tasks12/hook/ament_prefix_path.dsv'
[0.543s] INFO:colcon.colcon_core.shell:Creating environment hook '/home/thomasy22/agrobot-navigation/Navigation/install/tasks12/share/tasks12/hook/ament_prefix_path.sh'
[0.543s] INFO:colcon.colcon_core.shell:Skip shell extension 'powershell' for command environment: Not usable outside of PowerShell
[0.543s] DEBUG:colcon.colcon_core.shell:Skip shell extension 'dsv' for command environment
[0.555s] DEBUG:colcon.colcon_core.event_handler.log_command:Invoking command in '/home/thomasy22/agrobot-navigation/Navigation/build/rslidar_sdk': /usr/bin/cmake /home/thomasy22/agrobot-navigation/Navigation/rslidar_sdk -DCATKIN_INSTALL_INTO_PREFIX_ROOT=0 -DCMAKE_INSTALL_PREFIX=/home/thomasy22/agrobot-navigation/Navigation/install/rslidar_sdk
[0.675s] INFO:colcon.colcon_core.task.python.build:Building Python package in '/home/thomasy22/agrobot-navigation/Navigation/path-planning/src/tasks12'
[0.675s] INFO:colcon.colcon_core.shell:Skip shell extension 'powershell' for command environment: Not usable outside of PowerShell
[0.675s] DEBUG:colcon.colcon_core.shell:Skip shell extension 'dsv' for command environment
[0.984s] DEBUG:colcon.colcon_core.event_handler.log_command:Invoking command in '/home/thomasy22/agrobot-navigation/Navigation/path-planning/src/tasks12': PYTHONPATH=/home/thomasy22/agrobot-navigation/Navigation/build/tasks12/prefix_override:/usr/lib/python3/dist-packages/colcon_core/task/python/colcon_distutils_commands:/home/thomasy22/agrobot-navigation/Navigation/install/tasks12/lib/python3.10/site-packages: /usr/bin/python3 -W ignore:setup.py install is deprecated -W ignore:easy_install command is deprecated setup.py egg_info --egg-base ../../../build/tasks12 build --build-base /home/thomasy22/agrobot-navigation/Navigation/build/tasks12/build install --record /home/thomasy22/agrobot-navigation/Navigation/build/tasks12/install.log --single-version-externally-managed install_data
[1.111s] DEBUG:colcon.colcon_core.event_handler.log_command:Invoked command in '/home/thomasy22/agrobot-navigation/Navigation/path-planning/src/tasks12' returned '0': PYTHONPATH=/home/thomasy22/agrobot-navigation/Navigation/build/tasks12/prefix_override:/usr/lib/python3/dist-packages/colcon_core/task/python/colcon_distutils_commands:/home/thomasy22/agrobot-navigation/Navigation/install/tasks12/lib/python3.10/site-packages: /usr/bin/python3 -W ignore:setup.py install is deprecated -W ignore:easy_install command is deprecated setup.py egg_info --egg-base ../../../build/tasks12 build --build-base /home/thomasy22/agrobot-navigation/Navigation/build/tasks12/build install --record /home/thomasy22/agrobot-navigation/Navigation/build/tasks12/install.log --single-version-externally-managed install_data
[1.116s] Level 1:colcon.colcon_core.environment:checking '/home/thomasy22/agrobot-navigation/Navigation/install/tasks12' for CMake module files
[1.116s] Level 1:colcon.colcon_core.environment:checking '/home/thomasy22/agrobot-navigation/Navigation/install/tasks12' for CMake config files
[1.116s] Level 1:colcon.colcon_core.environment:checking '/home/thomasy22/agrobot-navigation/Navigation/install/tasks12/lib'
[1.116s] Level 1:colcon.colcon_core.environment:checking '/home/thomasy22/agrobot-navigation/Navigation/install/tasks12/bin'
[1.116s] Level 1:colcon.colcon_core.environment:checking '/home/thomasy22/agrobot-navigation/Navigation/install/tasks12/lib/pkgconfig/tasks12.pc'
[1.116s] Level 1:colcon.colcon_core.environment:checking '/home/thomasy22/agrobot-navigation/Navigation/install/tasks12/lib/python3.10/site-packages'
[1.116s] Level 1:colcon.colcon_core.shell:create_environment_hook('tasks12', 'pythonpath')
[1.117s] INFO:colcon.colcon_core.shell:Creating environment hook '/home/thomasy22/agrobot-navigation/Navigation/install/tasks12/share/tasks12/hook/pythonpath.ps1'
[1.117s] INFO:colcon.colcon_core.shell:Creating environment descriptor '/home/thomasy22/agrobot-navigation/Navigation/install/tasks12/share/tasks12/hook/pythonpath.dsv'
[1.117s] INFO:colcon.colcon_core.shell:Creating environment hook '/home/thomasy22/agrobot-navigation/Navigation/install/tasks12/share/tasks12/hook/pythonpath.sh'
[1.117s] Level 1:colcon.colcon_core.environment:checking '/home/thomasy22/agrobot-navigation/Navigation/install/tasks12/bin'
[1.117s] Level 1:colcon.colcon_core.environment:create_environment_scripts_only(tasks12)
[1.117s] INFO:colcon.colcon_core.shell:Creating package script '/home/thomasy22/agrobot-navigation/Navigation/install/tasks12/share/tasks12/package.ps1'
[1.118s] INFO:colcon.colcon_core.shell:Creating package descriptor '/home/thomasy22/agrobot-navigation/Navigation/install/tasks12/share/tasks12/package.dsv'
[1.119s] INFO:colcon.colcon_core.shell:Creating package script '/home/thomasy22/agrobot-navigation/Navigation/install/tasks12/share/tasks12/package.sh'
[1.119s] INFO:colcon.colcon_core.shell:Creating package script '/home/thomasy22/agrobot-navigation/Navigation/install/tasks12/share/tasks12/package.bash'
[1.120s] INFO:colcon.colcon_core.shell:Creating package script '/home/thomasy22/agrobot-navigation/Navigation/install/tasks12/share/tasks12/package.zsh'
[1.120s] Level 1:colcon.colcon_core.environment:create_file_with_runtime_dependencies(/home/thomasy22/agrobot-navigation/Navigation/install/tasks12/share/colcon-core/packages/tasks12)
[12.058s] DEBUG:colcon.colcon_core.event_handler.log_command:Invoked command in '/home/thomasy22/agrobot-navigation/Navigation/build/rslidar_sdk' returned '1': /usr/bin/cmake /home/thomasy22/agrobot-navigation/Navigation/rslidar_sdk -DCATKIN_INSTALL_INTO_PREFIX_ROOT=0 -DCMAKE_INSTALL_PREFIX=/home/thomasy22/agrobot-navigation/Navigation/install/rslidar_sdk
[12.068s] Level 1:colcon.colcon_core.environment:create_environment_scripts_only(rslidar_sdk)
[12.068s] Level 1:colcon.colcon_core.environment:checking '/home/thomasy22/agrobot-navigation/Navigation/install/rslidar_sdk' for CMake module files
[12.068s] Level 1:colcon.colcon_core.environment:checking '/home/thomasy22/agrobot-navigation/Navigation/install/rslidar_sdk' for CMake config files
[12.068s] Level 1:colcon.colcon_core.environment:checking '/home/thomasy22/agrobot-navigation/Navigation/install/rslidar_sdk/bin'
[12.068s] Level 1:colcon.colcon_core.environment:checking '/home/thomasy22/agrobot-navigation/Navigation/install/rslidar_sdk/lib/pkgconfig/rslidar_sdk.pc'
[12.068s] Level 1:colcon.colcon_core.environment:checking '/home/thomasy22/agrobot-navigation/Navigation/install/rslidar_sdk/lib/python3.10/site-packages'
[12.069s] Level 1:colcon.colcon_core.environment:checking '/home/thomasy22/agrobot-navigation/Navigation/install/rslidar_sdk/bin'
[12.069s] INFO:colcon.colcon_core.shell:Creating package script '/home/thomasy22/agrobot-navigation/Navigation/install/rslidar_sdk/share/rslidar_sdk/package.ps1'
[12.069s] INFO:colcon.colcon_core.shell:Creating package descriptor '/home/thomasy22/agrobot-navigation/Navigation/install/rslidar_sdk/share/rslidar_sdk/package.dsv'
[12.069s] INFO:colcon.colcon_core.shell:Creating package script '/home/thomasy22/agrobot-navigation/Navigation/install/rslidar_sdk/share/rslidar_sdk/package.sh'
[12.070s] INFO:colcon.colcon_core.shell:Creating package script '/home/thomasy22/agrobot-navigation/Navigation/install/rslidar_sdk/share/rslidar_sdk/package.bash'
[12.070s] INFO:colcon.colcon_core.shell:Creating package script '/home/thomasy22/agrobot-navigation/Navigation/install/rslidar_sdk/share/rslidar_sdk/package.zsh'
[12.070s] Level 1:colcon.colcon_core.environment:create_file_with_runtime_dependencies(/home/thomasy22/agrobot-navigation/Navigation/install/rslidar_sdk/share/colcon-core/packages/rslidar_sdk)
[12.080s] DEBUG:colcon.colcon_parallel_executor.executor.parallel:closing loop
[12.081s] DEBUG:colcon.colcon_parallel_executor.executor.parallel:loop closed
[12.081s] DEBUG:colcon.colcon_parallel_executor.executor.parallel:run_until_complete finished with '1'
[12.081s] DEBUG:colcon.colcon_core.event_reactor:joining thread
[12.179s] INFO:colcon.colcon_core.plugin_system:Skipping extension 'colcon_notification.desktop_notification.notify_send': Could not find 'notify-send'
[12.179s] INFO:colcon.colcon_core.plugin_system:Skipping extension 'colcon_notification.desktop_notification.terminal_notifier': Not used on non-Darwin systems
[12.179s] INFO:colcon.colcon_core.plugin_system:Skipping extension 'colcon_notification.desktop_notification.win32': Not used on non-Windows systems
[12.179s] INFO:colcon.colcon_notification.desktop_notification:Sending desktop notification using 'notify2'
[12.180s] DEBUG:colcon.colcon_notification.desktop_notification.notify2:Failed to initialize notify2: org.freedesktop.DBus.Error.FileNotFound: Failed to connect to socket /run/user/1000/bus: No such file or directory
[12.181s] DEBUG:colcon.colcon_core.event_reactor:joined thread
[12.181s] INFO:colcon.colcon_core.shell:Creating prefix script '/home/thomasy22/agrobot-navigation/Navigation/install/local_setup.ps1'
[12.182s] INFO:colcon.colcon_core.shell:Creating prefix util module '/home/thomasy22/agrobot-navigation/Navigation/install/_local_setup_util_ps1.py'
[12.182s] INFO:colcon.colcon_core.shell:Creating prefix chain script '/home/thomasy22/agrobot-navigation/Navigation/install/setup.ps1'
[12.183s] INFO:colcon.colcon_core.shell:Creating prefix script '/home/thomasy22/agrobot-navigation/Navigation/install/local_setup.sh'
[12.184s] INFO:colcon.colcon_core.shell:Creating prefix util module '/home/thomasy22/agrobot-navigation/Navigation/install/_local_setup_util_sh.py'
[12.184s] INFO:colcon.colcon_core.shell:Creating prefix chain script '/home/thomasy22/agrobot-navigation/Navigation/install/setup.sh'
[12.185s] INFO:colcon.colcon_core.shell:Creating prefix script '/home/thomasy22/agrobot-navigation/Navigation/install/local_setup.bash'
[12.185s] INFO:colcon.colcon_core.shell:Creating prefix chain script '/home/thomasy22/agrobot-navigation/Navigation/install/setup.bash'
[12.185s] INFO:colcon.colcon_core.shell:Creating prefix script '/home/thomasy22/agrobot-navigation/Navigation/install/local_setup.zsh'
[12.186s] INFO:colcon.colcon_core.shell:Creating prefix chain script '/home/thomasy22/agrobot-navigation/Navigation/install/setup.zsh'
