[0.548s] Invoking command in '/home/vscode/workspace/path-planning/src/tasks12': PYTHONPATH=/home/vscode/workspace/path-planning/build/tasks12/prefix_override:/usr/lib/python3/dist-packages/colcon_core/task/python/colcon_distutils_commands:/home/vscode/workspace/path-planning/install/tasks12/lib/python3.10/site-packages:${PYTHONPATH} /usr/bin/python3 -W ignore:setup.py install is deprecated -W ignore:easy_install command is deprecated setup.py egg_info --egg-base ../../build/tasks12 build --build-base /home/vscode/workspace/path-planning/build/tasks12/build install --record /home/vscode/workspace/path-planning/build/tasks12/install.log --single-version-externally-managed install_data
[0.738s] running egg_info
[0.738s] writing ../../build/tasks12/tasks12.egg-info/PKG-INFO
[0.739s] writing dependency_links to ../../build/tasks12/tasks12.egg-info/dependency_links.txt
[0.739s] writing entry points to ../../build/tasks12/tasks12.egg-info/entry_points.txt
[0.739s] writing requirements to ../../build/tasks12/tasks12.egg-info/requires.txt
[0.739s] writing top-level names to ../../build/tasks12/tasks12.egg-info/top_level.txt
[0.740s] reading manifest file '../../build/tasks12/tasks12.egg-info/SOURCES.txt'
[0.741s] writing manifest file '../../build/tasks12/tasks12.egg-info/SOURCES.txt'
[0.742s] running build
[0.742s] running build_py
[0.742s] copying tasks12/gap_follower.py -> /home/vscode/workspace/path-planning/build/tasks12/build/lib/tasks12
[0.742s] running install
[0.742s] running install_lib
[0.743s] copying /home/vscode/workspace/path-planning/build/tasks12/build/lib/tasks12/gap_follower.py -> /home/vscode/workspace/path-planning/install/tasks12/lib/python3.10/site-packages/tasks12
[0.743s] byte-compiling /home/vscode/workspace/path-planning/install/tasks12/lib/python3.10/site-packages/tasks12/gap_follower.py to gap_follower.cpython-310.pyc
[0.744s] running install_data
[0.744s] copying launch/tasks12_launch.py -> /home/vscode/workspace/path-planning/install/tasks12/share/tasks12/launch
[0.744s] running install_egg_info
[0.745s] removing '/home/vscode/workspace/path-planning/install/tasks12/lib/python3.10/site-packages/tasks12-0.0.0-py3.10.egg-info' (and everything under it)
[0.746s] Copying ../../build/tasks12/tasks12.egg-info to /home/vscode/workspace/path-planning/install/tasks12/lib/python3.10/site-packages/tasks12-0.0.0-py3.10.egg-info
[0.748s] running install_scripts
[0.764s] Installing gap_follower script to /home/vscode/workspace/path-planning/install/tasks12/lib/tasks12
[0.764s] writing list of installed files to '/home/vscode/workspace/path-planning/build/tasks12/install.log'
[0.789s] Invoked command in '/home/vscode/workspace/path-planning/src/tasks12' returned '0': PYTHONPATH=/home/vscode/workspace/path-planning/build/tasks12/prefix_override:/usr/lib/python3/dist-packages/colcon_core/task/python/colcon_distutils_commands:/home/vscode/workspace/path-planning/install/tasks12/lib/python3.10/site-packages:${PYTHONPATH} /usr/bin/python3 -W ignore:setup.py install is deprecated -W ignore:easy_install command is deprecated setup.py egg_info --egg-base ../../build/tasks12 build --build-base /home/vscode/workspace/path-planning/build/tasks12/build install --record /home/vscode/workspace/path-planning/build/tasks12/install.log --single-version-externally-managed install_data
