[1.074s] Invoking command in '/home/vscode/workspace/path-planning/src/tasks12': PYTHONPATH=/home/vscode/workspace/path-planning/build/tasks12/prefix_override:/usr/lib/python3/dist-packages/colcon_core/task/python/colcon_distutils_commands:/home/vscode/workspace/path-planning/install/tasks12/lib/python3.10/site-packages:${PYTHONPATH} /usr/bin/python3 -W ignore:setup.py install is deprecated -W ignore:easy_install command is deprecated setup.py egg_info --egg-base ../../build/tasks12 build --build-base /home/vscode/workspace/path-planning/build/tasks12/build install --record /home/vscode/workspace/path-planning/build/tasks12/install.log --single-version-externally-managed install_data
[1.478s] running egg_info
[1.479s] writing ../../build/tasks12/tasks12.egg-info/PKG-INFO
[1.480s] writing dependency_links to ../../build/tasks12/tasks12.egg-info/dependency_links.txt
[1.480s] writing entry points to ../../build/tasks12/tasks12.egg-info/entry_points.txt
[1.481s] writing requirements to ../../build/tasks12/tasks12.egg-info/requires.txt
[1.481s] writing top-level names to ../../build/tasks12/tasks12.egg-info/top_level.txt
[1.485s] reading manifest file '../../build/tasks12/tasks12.egg-info/SOURCES.txt'
[1.492s] writing manifest file '../../build/tasks12/tasks12.egg-info/SOURCES.txt'
[1.492s] running build
[1.492s] running build_py
[1.493s] copying tasks12/test.py -> /home/vscode/workspace/path-planning/build/tasks12/build/lib/tasks12
[1.493s] running install
[1.493s] running install_lib
[1.495s] copying /home/vscode/workspace/path-planning/build/tasks12/build/lib/tasks12/test.py -> /home/vscode/workspace/path-planning/install/tasks12/lib/python3.10/site-packages/tasks12
[1.496s] byte-compiling /home/vscode/workspace/path-planning/install/tasks12/lib/python3.10/site-packages/tasks12/test.py to test.cpython-310.pyc
[1.496s] running install_data
[1.497s] running install_egg_info
[1.499s] removing '/home/vscode/workspace/path-planning/install/tasks12/lib/python3.10/site-packages/tasks12-0.0.0-py3.10.egg-info' (and everything under it)
[1.500s] Copying ../../build/tasks12/tasks12.egg-info to /home/vscode/workspace/path-planning/install/tasks12/lib/python3.10/site-packages/tasks12-0.0.0-py3.10.egg-info
[1.503s] running install_scripts
[1.541s] Installing test script to /home/vscode/workspace/path-planning/install/tasks12/lib/tasks12
[1.543s] writing list of installed files to '/home/vscode/workspace/path-planning/build/tasks12/install.log'
[1.578s] Invoked command in '/home/vscode/workspace/path-planning/src/tasks12' returned '0': PYTHONPATH=/home/vscode/workspace/path-planning/build/tasks12/prefix_override:/usr/lib/python3/dist-packages/colcon_core/task/python/colcon_distutils_commands:/home/vscode/workspace/path-planning/install/tasks12/lib/python3.10/site-packages:${PYTHONPATH} /usr/bin/python3 -W ignore:setup.py install is deprecated -W ignore:easy_install command is deprecated setup.py egg_info --egg-base ../../build/tasks12 build --build-base /home/vscode/workspace/path-planning/build/tasks12/build install --record /home/vscode/workspace/path-planning/build/tasks12/install.log --single-version-externally-managed install_data
