[2.329s] Invoking command in '/home/vscode/workspace/path-planning/src/tasks12': PYTHONPATH=/home/vscode/workspace/path-planning/build/tasks12/prefix_override:/usr/lib/python3/dist-packages/colcon_core/task/python/colcon_distutils_commands:/home/vscode/workspace/path-planning/install/tasks12/lib/python3.10/site-packages:${PYTHONPATH} /usr/bin/python3 -W ignore:setup.py install is deprecated -W ignore:easy_install command is deprecated setup.py egg_info --egg-base ../../build/tasks12 build --build-base /home/vscode/workspace/path-planning/build/tasks12/build install --record /home/vscode/workspace/path-planning/build/tasks12/install.log --single-version-externally-managed install_data
[3.209s] running egg_info
[3.214s] writing ../../build/tasks12/tasks12.egg-info/PKG-INFO
[3.221s] writing dependency_links to ../../build/tasks12/tasks12.egg-info/dependency_links.txt
[3.228s] writing entry points to ../../build/tasks12/tasks12.egg-info/entry_points.txt
[3.234s] writing requirements to ../../build/tasks12/tasks12.egg-info/requires.txt
[3.238s] writing top-level names to ../../build/tasks12/tasks12.egg-info/top_level.txt
[3.288s] reading manifest file '../../build/tasks12/tasks12.egg-info/SOURCES.txt'
[3.364s] writing manifest file '../../build/tasks12/tasks12.egg-info/SOURCES.txt'
[3.368s] running build
[3.369s] running build_py
[3.448s] running install
[3.449s] running install_lib
[3.657s] running install_data
[3.700s] copying launch/gap_follower_launch.py -> /home/vscode/workspace/path-planning/install/tasks12/share/tasks12/launch
[3.716s] running install_egg_info
[3.727s] removing '/home/vscode/workspace/path-planning/install/tasks12/lib/python3.10/site-packages/tasks12-0.0.0-py3.10.egg-info' (and everything under it)
[3.786s] Copying ../../build/tasks12/tasks12.egg-info to /home/vscode/workspace/path-planning/install/tasks12/lib/python3.10/site-packages/tasks12-0.0.0-py3.10.egg-info
[4.043s] running install_scripts
[4.119s] Installing demo_lidar script to /home/vscode/workspace/path-planning/install/tasks12/lib/tasks12
[4.130s] Installing gap_follower_node script to /home/vscode/workspace/path-planning/install/tasks12/lib/tasks12
[4.141s] Installing wall_follower script to /home/vscode/workspace/path-planning/install/tasks12/lib/tasks12
[4.156s] Installing wall_follower_lidar script to /home/vscode/workspace/path-planning/install/tasks12/lib/tasks12
[4.170s] writing list of installed files to '/home/vscode/workspace/path-planning/build/tasks12/install.log'
[4.198s] Invoked command in '/home/vscode/workspace/path-planning/src/tasks12' returned '0': PYTHONPATH=/home/vscode/workspace/path-planning/build/tasks12/prefix_override:/usr/lib/python3/dist-packages/colcon_core/task/python/colcon_distutils_commands:/home/vscode/workspace/path-planning/install/tasks12/lib/python3.10/site-packages:${PYTHONPATH} /usr/bin/python3 -W ignore:setup.py install is deprecated -W ignore:easy_install command is deprecated setup.py egg_info --egg-base ../../build/tasks12 build --build-base /home/vscode/workspace/path-planning/build/tasks12/build install --record /home/vscode/workspace/path-planning/build/tasks12/install.log --single-version-externally-managed install_data
