[0.015s] Invoking command in '/home/thomasy22/agrobot-navigation/Navigation/build/rslidar_sdk': /usr/bin/cmake /home/thomasy22/agrobot-navigation/Navigation/rslidar_sdk -DCATKIN_INSTALL_INTO_PREFIX_ROOT=0 -DCMAKE_INSTALL_PREFIX=/home/thomasy22/agrobot-navigation/Navigation/install/rslidar_sdk
[0.055s] [0m=============================================================[0m
[0.055s] [0m-- POINT_TYPE is XYZI[0m
[0.055s] [0m=============================================================[0m
[2.402s] [0m=============================================================[0m
[2.402s] [0m-- ROS Not Found. ROS Support is turned Off.[0m
[2.402s] [0m=============================================================[0m
[7.572s] [0m=============================================================[0m
[7.572s] [0m-- ROS2 Not Found. ROS2 Support is turned Off.[0m
[7.572s] [0m=============================================================[0m
[7.576s] [31mCMake Error at CMakeLists.txt:159 (add_subdirectory):
[7.576s]   The source directory
[7.576s] 
[7.576s]     /home/thomasy22/agrobot-navigation/Navigation/rslidar_sdk/src/rs_driver
[7.576s] 
[7.576s]   does not contain a CMakeLists.txt file.
[7.576s] 
[7.576s] [0m
[12.269s] [31mCMake Error at CMakeLists.txt:160 (find_package):
[12.269s]   By not providing "Findrs_driver.cmake" in CMAKE_MODULE_PATH this project
[12.269s]   has asked CMake to find a package configuration file provided by
[12.270s]   "rs_driver", but CMake did not find one.
[12.270s] 
[12.270s]   Could not find a package configuration file provided by "rs_driver" with
[12.270s]   any of the following names:
[12.270s] 
[12.270s]     rs_driverConfig.cmake
[12.270s]     rs_driver-config.cmake
[12.270s] 
[12.270s]   Add the installation prefix of "rs_driver" to CMAKE_PREFIX_PATH or set
[12.270s]   "rs_driver_DIR" to a directory containing one of the above files.  If
[12.270s]   "rs_driver" provides a separate development package or SDK, be sure it has
[12.270s]   been installed.
[12.270s] 
[12.270s] [0m
[12.279s] -- Configuring incomplete, errors occurred!
[12.279s] See also "/home/thomasy22/agrobot-navigation/Navigation/build/rslidar_sdk/CMakeFiles/CMakeOutput.log".
[12.286s] Invoked command in '/home/thomasy22/agrobot-navigation/Navigation/build/rslidar_sdk' returned '1': /usr/bin/cmake /home/thomasy22/agrobot-navigation/Navigation/rslidar_sdk -DCATKIN_INSTALL_INTO_PREFIX_ROOT=0 -DCMAKE_INSTALL_PREFIX=/home/thomasy22/agrobot-navigation/Navigation/install/rslidar_sdk
