[2.436s] Invoking command in '/home/vscode/workspace/path-planning/src/tasks12': PYTHONPATH=/home/vscode/workspace/path-planning/build/tasks12/prefix_override:/usr/lib/python3/dist-packages/colcon_core/task/python/colcon_distutils_commands:/home/vscode/workspace/path-planning/install/tasks12/lib/python3.10/site-packages:${PYTHONPATH} /usr/bin/python3 -W ignore:setup.py install is deprecated -W ignore:easy_install command is deprecated setup.py egg_info --egg-base ../../build/tasks12 build --build-base /home/vscode/workspace/path-planning/build/tasks12/build install --record /home/vscode/workspace/path-planning/build/tasks12/install.log --single-version-externally-managed install_data
[3.321s] running egg_info
[3.325s] writing ../../build/tasks12/tasks12.egg-info/PKG-INFO
[3.332s] writing dependency_links to ../../build/tasks12/tasks12.egg-info/dependency_links.txt
[3.339s] writing entry points to ../../build/tasks12/tasks12.egg-info/entry_points.txt
[3.344s] writing requirements to ../../build/tasks12/tasks12.egg-info/requires.txt
[3.347s] writing top-level names to ../../build/tasks12/tasks12.egg-info/top_level.txt
[3.390s] reading manifest file '../../build/tasks12/tasks12.egg-info/SOURCES.txt'
[3.474s] writing manifest file '../../build/tasks12/tasks12.egg-info/SOURCES.txt'
[3.475s] running build
[3.476s] running build_py
[3.540s] running install
[3.541s] running install_lib
[3.746s] running install_data
[3.785s] running install_egg_info
[3.797s] removing '/home/vscode/workspace/path-planning/install/tasks12/lib/python3.10/site-packages/tasks12-0.0.0-py3.10.egg-info' (and everything under it)
[3.857s] Copying ../../build/tasks12/tasks12.egg-info to /home/vscode/workspace/path-planning/install/tasks12/lib/python3.10/site-packages/tasks12-0.0.0-py3.10.egg-info
[4.121s] running install_scripts
[4.197s] Installing demo_lidar script to /home/vscode/workspace/path-planning/install/tasks12/lib/tasks12
[4.210s] Installing wall_follower script to /home/vscode/workspace/path-planning/install/tasks12/lib/tasks12
[4.223s] Installing wall_follower_lidar script to /home/vscode/workspace/path-planning/install/tasks12/lib/tasks12
[4.236s] writing list of installed files to '/home/vscode/workspace/path-planning/build/tasks12/install.log'
[4.260s] Invoked command in '/home/vscode/workspace/path-planning/src/tasks12' returned '0': PYTHONPATH=/home/vscode/workspace/path-planning/build/tasks12/prefix_override:/usr/lib/python3/dist-packages/colcon_core/task/python/colcon_distutils_commands:/home/vscode/workspace/path-planning/install/tasks12/lib/python3.10/site-packages:${PYTHONPATH} /usr/bin/python3 -W ignore:setup.py install is deprecated -W ignore:easy_install command is deprecated setup.py egg_info --egg-base ../../build/tasks12 build --build-base /home/vscode/workspace/path-planning/build/tasks12/build install --record /home/vscode/workspace/path-planning/build/tasks12/install.log --single-version-externally-managed install_data
