[0.916s] Invoking command in '/home/vscode/workspace/path-planning/src/tasks12': PYTHONPATH=/home/vscode/workspace/path-planning/build/tasks12/prefix_override:/usr/lib/python3/dist-packages/colcon_core/task/python/colcon_distutils_commands:/home/vscode/workspace/path-planning/install/tasks12/lib/python3.10/site-packages:${PYTHONPATH} /usr/bin/python3 -W ignore:setup.py install is deprecated -W ignore:easy_install command is deprecated setup.py egg_info --egg-base ../../build/tasks12 build --build-base /home/vscode/workspace/path-planning/build/tasks12/build install --record /home/vscode/workspace/path-planning/build/tasks12/install.log --single-version-externally-managed install_data
[1.108s] running egg_info
[1.108s] writing ../../build/tasks12/tasks12.egg-info/PKG-INFO
[1.109s] writing dependency_links to ../../build/tasks12/tasks12.egg-info/dependency_links.txt
[1.109s] writing entry points to ../../build/tasks12/tasks12.egg-info/entry_points.txt
[1.109s] writing requirements to ../../build/tasks12/tasks12.egg-info/requires.txt
[1.110s] writing top-level names to ../../build/tasks12/tasks12.egg-info/top_level.txt
[1.111s] reading manifest file '../../build/tasks12/tasks12.egg-info/SOURCES.txt'
[1.112s] writing manifest file '../../build/tasks12/tasks12.egg-info/SOURCES.txt'
[1.113s] running build
[1.113s] running build_py
[1.113s] copying tasks12/gap_follower.py -> /home/vscode/workspace/path-planning/build/tasks12/build/lib/tasks12
[1.114s] running install
[1.114s] running install_lib
[1.115s] copying /home/vscode/workspace/path-planning/build/tasks12/build/lib/tasks12/gap_follower.py -> /home/vscode/workspace/path-planning/install/tasks12/lib/python3.10/site-packages/tasks12
[1.116s] byte-compiling /home/vscode/workspace/path-planning/install/tasks12/lib/python3.10/site-packages/tasks12/gap_follower.py to gap_follower.cpython-310.pyc
[1.117s] running install_data
[1.117s] running install_egg_info
[1.119s] removing '/home/vscode/workspace/path-planning/install/tasks12/lib/python3.10/site-packages/tasks12-0.0.0-py3.10.egg-info' (and everything under it)
[1.119s] Copying ../../build/tasks12/tasks12.egg-info to /home/vscode/workspace/path-planning/install/tasks12/lib/python3.10/site-packages/tasks12-0.0.0-py3.10.egg-info
[1.121s] running install_scripts
[1.138s] Installing gap_follower script to /home/vscode/workspace/path-planning/install/tasks12/lib/tasks12
[1.138s] writing list of installed files to '/home/vscode/workspace/path-planning/build/tasks12/install.log'
[1.162s] Invoked command in '/home/vscode/workspace/path-planning/src/tasks12' returned '0': PYTHONPATH=/home/vscode/workspace/path-planning/build/tasks12/prefix_override:/usr/lib/python3/dist-packages/colcon_core/task/python/colcon_distutils_commands:/home/vscode/workspace/path-planning/install/tasks12/lib/python3.10/site-packages:${PYTHONPATH} /usr/bin/python3 -W ignore:setup.py install is deprecated -W ignore:easy_install command is deprecated setup.py egg_info --egg-base ../../build/tasks12 build --build-base /home/vscode/workspace/path-planning/build/tasks12/build install --record /home/vscode/workspace/path-planning/build/tasks12/install.log --single-version-externally-managed install_data
