[2.750s] Invoking command in '/home/vscode/workspace/path-planning/src/tasks12': PYTHONPATH=/home/vscode/workspace/path-planning/build/tasks12/prefix_override:/usr/lib/python3/dist-packages/colcon_core/task/python/colcon_distutils_commands:/home/vscode/workspace/path-planning/install/tasks12/lib/python3.10/site-packages:${PYTHONPATH} /usr/bin/python3 -W ignore:setup.py install is deprecated -W ignore:easy_install command is deprecated setup.py egg_info --egg-base ../../build/tasks12 build --build-base /home/vscode/workspace/path-planning/build/tasks12/build install --record /home/vscode/workspace/path-planning/build/tasks12/install.log --single-version-externally-managed install_data
[3.674s] running egg_info
[3.679s] writing ../../build/tasks12/tasks12.egg-info/PKG-INFO
[3.687s] writing dependency_links to ../../build/tasks12/tasks12.egg-info/dependency_links.txt
[3.695s] writing entry points to ../../build/tasks12/tasks12.egg-info/entry_points.txt
[3.701s] writing requirements to ../../build/tasks12/tasks12.egg-info/requires.txt
[3.704s] writing top-level names to ../../build/tasks12/tasks12.egg-info/top_level.txt
[3.747s] reading manifest file '../../build/tasks12/tasks12.egg-info/SOURCES.txt'
[3.834s] writing manifest file '../../build/tasks12/tasks12.egg-info/SOURCES.txt'
[3.836s] running build
[3.836s] running build_py
[3.845s] copying tasks12/demo_lidar.py -> /home/vscode/workspace/path-planning/build/tasks12/build/lib/tasks12
[3.903s] running install
[3.904s] running install_lib
[3.945s] copying /home/vscode/workspace/path-planning/build/tasks12/build/lib/tasks12/demo_lidar.py -> /home/vscode/workspace/path-planning/install/tasks12/lib/python3.10/site-packages/tasks12
[4.045s] byte-compiling /home/vscode/workspace/path-planning/install/tasks12/lib/python3.10/site-packages/tasks12/demo_lidar.py to demo_lidar.cpython-310.pyc
[4.125s] running install_data
[4.163s] running install_egg_info
[4.174s] removing '/home/vscode/workspace/path-planning/install/tasks12/lib/python3.10/site-packages/tasks12-0.0.0-py3.10.egg-info' (and everything under it)
[4.232s] Copying ../../build/tasks12/tasks12.egg-info to /home/vscode/workspace/path-planning/install/tasks12/lib/python3.10/site-packages/tasks12-0.0.0-py3.10.egg-info
[4.500s] running install_scripts
[4.574s] Installing demo_lidar script to /home/vscode/workspace/path-planning/install/tasks12/lib/tasks12
[4.587s] Installing wall_follower script to /home/vscode/workspace/path-planning/install/tasks12/lib/tasks12
[4.598s] Installing wall_follower_lidar script to /home/vscode/workspace/path-planning/install/tasks12/lib/tasks12
[4.611s] writing list of installed files to '/home/vscode/workspace/path-planning/build/tasks12/install.log'
[4.640s] Invoked command in '/home/vscode/workspace/path-planning/src/tasks12' returned '0': PYTHONPATH=/home/vscode/workspace/path-planning/build/tasks12/prefix_override:/usr/lib/python3/dist-packages/colcon_core/task/python/colcon_distutils_commands:/home/vscode/workspace/path-planning/install/tasks12/lib/python3.10/site-packages:${PYTHONPATH} /usr/bin/python3 -W ignore:setup.py install is deprecated -W ignore:easy_install command is deprecated setup.py egg_info --egg-base ../../build/tasks12 build --build-base /home/vscode/workspace/path-planning/build/tasks12/build install --record /home/vscode/workspace/path-planning/build/tasks12/install.log --single-version-externally-managed install_data
