[0.487s] Invoking command in '/home/vscode/workspace/path-planning/src/tasks12': PYTHONPATH=/home/vscode/workspace/path-planning/build/tasks12/prefix_override:/usr/lib/python3/dist-packages/colcon_core/task/python/colcon_distutils_commands:/home/vscode/workspace/path-planning/install/tasks12/lib/python3.10/site-packages:${PYTHONPATH} /usr/bin/python3 -W ignore:setup.py install is deprecated -W ignore:easy_install command is deprecated setup.py egg_info --egg-base ../../build/tasks12 build --build-base /home/vscode/workspace/path-planning/build/tasks12/build install --record /home/vscode/workspace/path-planning/build/tasks12/install.log --single-version-externally-managed install_data
[0.672s] running egg_info
[0.672s] writing ../../build/tasks12/tasks12.egg-info/PKG-INFO
[0.673s] writing dependency_links to ../../build/tasks12/tasks12.egg-info/dependency_links.txt
[0.673s] writing entry points to ../../build/tasks12/tasks12.egg-info/entry_points.txt
[0.674s] writing requirements to ../../build/tasks12/tasks12.egg-info/requires.txt
[0.674s] writing top-level names to ../../build/tasks12/tasks12.egg-info/top_level.txt
[0.675s] reading manifest file '../../build/tasks12/tasks12.egg-info/SOURCES.txt'
[0.675s] writing manifest file '../../build/tasks12/tasks12.egg-info/SOURCES.txt'
[0.676s] running build
[0.676s] running build_py
[0.676s] running install
[0.676s] running install_lib
[0.677s] running install_data
[0.677s] running install_egg_info
[0.678s] removing '/home/vscode/workspace/path-planning/install/tasks12/lib/python3.10/site-packages/tasks12-0.0.0-py3.10.egg-info' (and everything under it)
[0.679s] Copying ../../build/tasks12/tasks12.egg-info to /home/vscode/workspace/path-planning/install/tasks12/lib/python3.10/site-packages/tasks12-0.0.0-py3.10.egg-info
[0.680s] running install_scripts
[0.696s] Installing gap_follower script to /home/vscode/workspace/path-planning/install/tasks12/lib/tasks12
[0.697s] writing list of installed files to '/home/vscode/workspace/path-planning/build/tasks12/install.log'
[0.717s] Invoked command in '/home/vscode/workspace/path-planning/src/tasks12' returned '0': PYTHONPATH=/home/vscode/workspace/path-planning/build/tasks12/prefix_override:/usr/lib/python3/dist-packages/colcon_core/task/python/colcon_distutils_commands:/home/vscode/workspace/path-planning/install/tasks12/lib/python3.10/site-packages:${PYTHONPATH} /usr/bin/python3 -W ignore:setup.py install is deprecated -W ignore:easy_install command is deprecated setup.py egg_info --egg-base ../../build/tasks12 build --build-base /home/vscode/workspace/path-planning/build/tasks12/build install --record /home/vscode/workspace/path-planning/build/tasks12/install.log --single-version-externally-managed install_data
