[2.192s] Invoking command in '/home/vscode/workspace/path-planning/src/tasks12': PYTHONPATH=/home/vscode/workspace/path-planning/build/tasks12/prefix_override:/usr/lib/python3/dist-packages/colcon_core/task/python/colcon_distutils_commands:/home/vscode/workspace/path-planning/install/tasks12/lib/python3.10/site-packages:${PYTHONPATH} /usr/bin/python3 -W ignore:setup.py install is deprecated -W ignore:easy_install command is deprecated setup.py egg_info --egg-base ../../build/tasks12 build --build-base /home/vscode/workspace/path-planning/build/tasks12/build install --record /home/vscode/workspace/path-planning/build/tasks12/install.log --single-version-externally-managed install_data
[3.077s] running egg_info
[3.081s] writing ../../build/tasks12/tasks12.egg-info/PKG-INFO
[3.088s] writing dependency_links to ../../build/tasks12/tasks12.egg-info/dependency_links.txt
[3.095s] writing entry points to ../../build/tasks12/tasks12.egg-info/entry_points.txt
[3.100s] writing requirements to ../../build/tasks12/tasks12.egg-info/requires.txt
[3.104s] writing top-level names to ../../build/tasks12/tasks12.egg-info/top_level.txt
[3.147s] reading manifest file '../../build/tasks12/tasks12.egg-info/SOURCES.txt'
[3.236s] writing manifest file '../../build/tasks12/tasks12.egg-info/SOURCES.txt'
[3.237s] running build
[3.238s] running build_py
[3.248s] copying tasks12/demo_lidar.py -> /home/vscode/workspace/path-planning/build/tasks12/build/lib/tasks12
[3.311s] running install
[3.312s] running install_lib
[3.355s] copying /home/vscode/workspace/path-planning/build/tasks12/build/lib/tasks12/demo_lidar.py -> /home/vscode/workspace/path-planning/install/tasks12/lib/python3.10/site-packages/tasks12
[3.461s] byte-compiling /home/vscode/workspace/path-planning/install/tasks12/lib/python3.10/site-packages/tasks12/demo_lidar.py to demo_lidar.cpython-310.pyc
[3.548s] running install_data
[3.589s] running install_egg_info
[3.602s] removing '/home/vscode/workspace/path-planning/install/tasks12/lib/python3.10/site-packages/tasks12-0.0.0-py3.10.egg-info' (and everything under it)
[3.665s] Copying ../../build/tasks12/tasks12.egg-info to /home/vscode/workspace/path-planning/install/tasks12/lib/python3.10/site-packages/tasks12-0.0.0-py3.10.egg-info
[3.927s] running install_scripts
[4.006s] Installing demo_lidar script to /home/vscode/workspace/path-planning/install/tasks12/lib/tasks12
[4.018s] Installing wall_follower script to /home/vscode/workspace/path-planning/install/tasks12/lib/tasks12
[4.029s] Installing wall_follower_lidar script to /home/vscode/workspace/path-planning/install/tasks12/lib/tasks12
[4.048s] writing list of installed files to '/home/vscode/workspace/path-planning/build/tasks12/install.log'
[4.076s] Invoked command in '/home/vscode/workspace/path-planning/src/tasks12' returned '0': PYTHONPATH=/home/vscode/workspace/path-planning/build/tasks12/prefix_override:/usr/lib/python3/dist-packages/colcon_core/task/python/colcon_distutils_commands:/home/vscode/workspace/path-planning/install/tasks12/lib/python3.10/site-packages:${PYTHONPATH} /usr/bin/python3 -W ignore:setup.py install is deprecated -W ignore:easy_install command is deprecated setup.py egg_info --egg-base ../../build/tasks12 build --build-base /home/vscode/workspace/path-planning/build/tasks12/build install --record /home/vscode/workspace/path-planning/build/tasks12/install.log --single-version-externally-managed install_data
