[0.245s] DEBUG:colcon:Command line arguments: ['/usr/bin/colcon', 'build']
[0.245s] DEBUG:colcon:Parsed command line arguments: Namespace(log_base=None, log_level=None, verb_name='build', build_base='build', install_base='install', merge_install=False, symlink_install=False, test_result_base=None, continue_on_error=False, executor='parallel', parallel_workers=24, event_handlers=None, ignore_user_meta=False, metas=['./colcon.meta'], base_paths=['.'], packages_ignore=None, packages_ignore_regex=None, paths=None, packages_up_to=None, packages_up_to_regex=None, packages_above=None, packages_above_and_dependencies=None, packages_above_depth=None, packages_select_by_dep=None, packages_skip_by_dep=None, packages_skip_up_to=None, packages_select_build_failed=False, packages_skip_build_finished=False, packages_select_test_failures=False, packages_skip_test_passed=False, packages_select=None, packages_skip=None, packages_select_regex=None, packages_skip_regex=None, packages_start=None, packages_end=None, allow_overriding=[], cmake_args=None, cmake_target=None, cmake_target_skip_unavailable=False, cmake_clean_cache=False, cmake_clean_first=False, cmake_force_configure=False, ament_cmake_args=None, catkin_cmake_args=None, catkin_skip_building_tests=False, mixin_files=None, mixin=None, verb_parser=<colcon_mixin.mixin.mixin_argument.MixinArgumentDecorator object at 0x7f76b34fd660>, verb_extension=<colcon_core.verb.build.BuildVerb object at 0x7f76b36822f0>, main=<bound method BuildVerb.main of <colcon_core.verb.build.BuildVerb object at 0x7f76b36822f0>>, mixin_verb=('build',))
[0.312s] Level 1:colcon.colcon_core.package_discovery:discover_packages(colcon_meta) check parameters
[0.312s] Level 1:colcon.colcon_core.package_discovery:discover_packages(recursive) check parameters
[0.312s] Level 1:colcon.colcon_core.package_discovery:discover_packages(ignore) check parameters
[0.312s] Level 1:colcon.colcon_core.package_discovery:discover_packages(path) check parameters
[0.312s] Level 1:colcon.colcon_core.package_discovery:discover_packages(colcon_meta) discover
[0.312s] Level 1:colcon.colcon_core.package_discovery:discover_packages(recursive) discover
[0.312s] INFO:colcon.colcon_core.package_discovery:Crawling recursively for packages in '/home/thomasy22/agrobot-navigation/Navigation'
[0.312s] Level 1:colcon.colcon_core.package_identification:_identify(.) by extensions ['ignore', 'ignore_ament_install']
[0.312s] Level 1:colcon.colcon_core.package_identification:_identify(.) by extension 'ignore'
[0.313s] Level 1:colcon.colcon_core.package_identification:_identify(.) by extension 'ignore_ament_install'
[0.313s] Level 1:colcon.colcon_core.package_identification:_identify(.) by extensions ['colcon_pkg']
[0.313s] Level 1:colcon.colcon_core.package_identification:_identify(.) by extension 'colcon_pkg'
[0.313s] Level 1:colcon.colcon_core.package_identification:_identify(.) by extensions ['colcon_meta']
[0.313s] Level 1:colcon.colcon_core.package_identification:_identify(.) by extension 'colcon_meta'
[0.313s] Level 1:colcon.colcon_core.package_identification:_identify(.) by extensions ['ros']
[0.313s] Level 1:colcon.colcon_core.package_identification:_identify(.) by extension 'ros'
[0.320s] Level 1:colcon.colcon_core.package_identification:_identify(.) by extensions ['cmake', 'python']
[0.320s] Level 1:colcon.colcon_core.package_identification:_identify(.) by extension 'cmake'
[0.320s] Level 1:colcon.colcon_core.package_identification:_identify(.) by extension 'python'
[0.320s] Level 1:colcon.colcon_core.package_identification:_identify(.) by extensions ['python_setup_py']
[0.320s] Level 1:colcon.colcon_core.package_identification:_identify(.) by extension 'python_setup_py'
[0.320s] Level 1:colcon.colcon_core.package_identification:_identify(build) by extensions ['ignore', 'ignore_ament_install']
[0.320s] Level 1:colcon.colcon_core.package_identification:_identify(build) by extension 'ignore'
[0.320s] Level 1:colcon.colcon_core.package_identification:_identify(build) ignored
[0.320s] Level 1:colcon.colcon_core.package_identification:_identify(install) by extensions ['ignore', 'ignore_ament_install']
[0.320s] Level 1:colcon.colcon_core.package_identification:_identify(install) by extension 'ignore'
[0.320s] Level 1:colcon.colcon_core.package_identification:_identify(install) ignored
[0.320s] Level 1:colcon.colcon_core.package_identification:_identify(log) by extensions ['ignore', 'ignore_ament_install']
[0.320s] Level 1:colcon.colcon_core.package_identification:_identify(log) by extension 'ignore'
[0.320s] Level 1:colcon.colcon_core.package_identification:_identify(log) ignored
[0.320s] Level 1:colcon.colcon_core.package_identification:_identify(path-planning) by extensions ['ignore', 'ignore_ament_install']
[0.320s] Level 1:colcon.colcon_core.package_identification:_identify(path-planning) by extension 'ignore'
[0.320s] Level 1:colcon.colcon_core.package_identification:_identify(path-planning) by extension 'ignore_ament_install'
[0.320s] Level 1:colcon.colcon_core.package_identification:_identify(path-planning) by extensions ['colcon_pkg']
[0.320s] Level 1:colcon.colcon_core.package_identification:_identify(path-planning) by extension 'colcon_pkg'
[0.320s] Level 1:colcon.colcon_core.package_identification:_identify(path-planning) by extensions ['colcon_meta']
[0.320s] Level 1:colcon.colcon_core.package_identification:_identify(path-planning) by extension 'colcon_meta'
[0.320s] Level 1:colcon.colcon_core.package_identification:_identify(path-planning) by extensions ['ros']
[0.320s] Level 1:colcon.colcon_core.package_identification:_identify(path-planning) by extension 'ros'
[0.320s] Level 1:colcon.colcon_core.package_identification:_identify(path-planning) by extensions ['cmake', 'python']
[0.320s] Level 1:colcon.colcon_core.package_identification:_identify(path-planning) by extension 'cmake'
[0.320s] Level 1:colcon.colcon_core.package_identification:_identify(path-planning) by extension 'python'
[0.320s] Level 1:colcon.colcon_core.package_identification:_identify(path-planning) by extensions ['python_setup_py']
[0.320s] Level 1:colcon.colcon_core.package_identification:_identify(path-planning) by extension 'python_setup_py'
[0.320s] Level 1:colcon.colcon_core.package_identification:_identify(path-planning/build) by extensions ['ignore', 'ignore_ament_install']
[0.320s] Level 1:colcon.colcon_core.package_identification:_identify(path-planning/build) by extension 'ignore'
[0.320s] Level 1:colcon.colcon_core.package_identification:_identify(path-planning/build) ignored
[0.320s] Level 1:colcon.colcon_core.package_identification:_identify(path-planning/install) by extensions ['ignore', 'ignore_ament_install']
[0.320s] Level 1:colcon.colcon_core.package_identification:_identify(path-planning/install) by extension 'ignore'
[0.321s] Level 1:colcon.colcon_core.package_identification:_identify(path-planning/install) ignored
[0.321s] Level 1:colcon.colcon_core.package_identification:_identify(path-planning/log) by extensions ['ignore', 'ignore_ament_install']
[0.321s] Level 1:colcon.colcon_core.package_identification:_identify(path-planning/log) by extension 'ignore'
[0.321s] Level 1:colcon.colcon_core.package_identification:_identify(path-planning/log) ignored
[0.321s] Level 1:colcon.colcon_core.package_identification:_identify(path-planning/src) by extensions ['ignore', 'ignore_ament_install']
[0.321s] Level 1:colcon.colcon_core.package_identification:_identify(path-planning/src) by extension 'ignore'
[0.321s] Level 1:colcon.colcon_core.package_identification:_identify(path-planning/src) by extension 'ignore_ament_install'
[0.321s] Level 1:colcon.colcon_core.package_identification:_identify(path-planning/src) by extensions ['colcon_pkg']
[0.321s] Level 1:colcon.colcon_core.package_identification:_identify(path-planning/src) by extension 'colcon_pkg'
[0.321s] Level 1:colcon.colcon_core.package_identification:_identify(path-planning/src) by extensions ['colcon_meta']
[0.321s] Level 1:colcon.colcon_core.package_identification:_identify(path-planning/src) by extension 'colcon_meta'
[0.321s] Level 1:colcon.colcon_core.package_identification:_identify(path-planning/src) by extensions ['ros']
[0.321s] Level 1:colcon.colcon_core.package_identification:_identify(path-planning/src) by extension 'ros'
[0.321s] Level 1:colcon.colcon_core.package_identification:_identify(path-planning/src) by extensions ['cmake', 'python']
[0.321s] Level 1:colcon.colcon_core.package_identification:_identify(path-planning/src) by extension 'cmake'
[0.321s] Level 1:colcon.colcon_core.package_identification:_identify(path-planning/src) by extension 'python'
[0.321s] Level 1:colcon.colcon_core.package_identification:_identify(path-planning/src) by extensions ['python_setup_py']
[0.321s] Level 1:colcon.colcon_core.package_identification:_identify(path-planning/src) by extension 'python_setup_py'
[0.321s] Level 1:colcon.colcon_core.package_identification:_identify(path-planning/src/tasks12) by extensions ['ignore', 'ignore_ament_install']
[0.321s] Level 1:colcon.colcon_core.package_identification:_identify(path-planning/src/tasks12) by extension 'ignore'
[0.321s] Level 1:colcon.colcon_core.package_identification:_identify(path-planning/src/tasks12) by extension 'ignore_ament_install'
[0.321s] Level 1:colcon.colcon_core.package_identification:_identify(path-planning/src/tasks12) by extensions ['colcon_pkg']
[0.321s] Level 1:colcon.colcon_core.package_identification:_identify(path-planning/src/tasks12) by extension 'colcon_pkg'
[0.321s] Level 1:colcon.colcon_core.package_identification:_identify(path-planning/src/tasks12) by extensions ['colcon_meta']
[0.321s] Level 1:colcon.colcon_core.package_identification:_identify(path-planning/src/tasks12) by extension 'colcon_meta'
[0.321s] Level 1:colcon.colcon_core.package_identification:_identify(path-planning/src/tasks12) by extensions ['ros']
[0.321s] Level 1:colcon.colcon_core.package_identification:_identify(path-planning/src/tasks12) by extension 'ros'
[0.323s] DEBUG:colcon.colcon_core.package_identification:Package 'path-planning/src/tasks12' with type 'ros.ament_python' and name 'tasks12'
[0.323s] Level 1:colcon.colcon_core.package_identification:_identify(rslidar_sdk) by extensions ['ignore', 'ignore_ament_install']
[0.323s] Level 1:colcon.colcon_core.package_identification:_identify(rslidar_sdk) by extension 'ignore'
[0.323s] Level 1:colcon.colcon_core.package_identification:_identify(rslidar_sdk) by extension 'ignore_ament_install'
[0.323s] Level 1:colcon.colcon_core.package_identification:_identify(rslidar_sdk) by extensions ['colcon_pkg']
[0.323s] Level 1:colcon.colcon_core.package_identification:_identify(rslidar_sdk) by extension 'colcon_pkg'
[0.323s] Level 1:colcon.colcon_core.package_identification:_identify(rslidar_sdk) by extensions ['colcon_meta']
[0.323s] Level 1:colcon.colcon_core.package_identification:_identify(rslidar_sdk) by extension 'colcon_meta'
[0.323s] Level 1:colcon.colcon_core.package_identification:_identify(rslidar_sdk) by extensions ['ros']
[0.323s] Level 1:colcon.colcon_core.package_identification:_identify(rslidar_sdk) by extension 'ros'
[0.326s] DEBUG:colcon.colcon_core.package_identification:Package 'rslidar_sdk' with type 'ros.catkin' and name 'rslidar_sdk'
[0.326s] Level 1:colcon.colcon_core.package_identification:_identify(sensor-fusion) by extensions ['ignore', 'ignore_ament_install']
[0.326s] Level 1:colcon.colcon_core.package_identification:_identify(sensor-fusion) by extension 'ignore'
[0.326s] Level 1:colcon.colcon_core.package_identification:_identify(sensor-fusion) by extension 'ignore_ament_install'
[0.326s] Level 1:colcon.colcon_core.package_identification:_identify(sensor-fusion) by extensions ['colcon_pkg']
[0.326s] Level 1:colcon.colcon_core.package_identification:_identify(sensor-fusion) by extension 'colcon_pkg'
[0.326s] Level 1:colcon.colcon_core.package_identification:_identify(sensor-fusion) by extensions ['colcon_meta']
[0.326s] Level 1:colcon.colcon_core.package_identification:_identify(sensor-fusion) by extension 'colcon_meta'
[0.326s] Level 1:colcon.colcon_core.package_identification:_identify(sensor-fusion) by extensions ['ros']
[0.326s] Level 1:colcon.colcon_core.package_identification:_identify(sensor-fusion) by extension 'ros'
[0.326s] Level 1:colcon.colcon_core.package_identification:_identify(sensor-fusion) by extensions ['cmake', 'python']
[0.326s] Level 1:colcon.colcon_core.package_identification:_identify(sensor-fusion) by extension 'cmake'
[0.326s] Level 1:colcon.colcon_core.package_identification:_identify(sensor-fusion) by extension 'python'
[0.326s] Level 1:colcon.colcon_core.package_identification:_identify(sensor-fusion) by extensions ['python_setup_py']
[0.326s] Level 1:colcon.colcon_core.package_identification:_identify(sensor-fusion) by extension 'python_setup_py'
[0.327s] Level 1:colcon.colcon_core.package_identification:_identify(sensor-fusion/rslidar_sdk) by extensions ['ignore', 'ignore_ament_install']
[0.327s] Level 1:colcon.colcon_core.package_identification:_identify(sensor-fusion/rslidar_sdk) by extension 'ignore'
[0.327s] Level 1:colcon.colcon_core.package_identification:_identify(sensor-fusion/rslidar_sdk) by extension 'ignore_ament_install'
[0.327s] Level 1:colcon.colcon_core.package_identification:_identify(sensor-fusion/rslidar_sdk) by extensions ['colcon_pkg']
[0.327s] Level 1:colcon.colcon_core.package_identification:_identify(sensor-fusion/rslidar_sdk) by extension 'colcon_pkg'
[0.327s] Level 1:colcon.colcon_core.package_identification:_identify(sensor-fusion/rslidar_sdk) by extensions ['colcon_meta']
[0.327s] Level 1:colcon.colcon_core.package_identification:_identify(sensor-fusion/rslidar_sdk) by extension 'colcon_meta'
[0.327s] Level 1:colcon.colcon_core.package_identification:_identify(sensor-fusion/rslidar_sdk) by extensions ['ros']
[0.327s] Level 1:colcon.colcon_core.package_identification:_identify(sensor-fusion/rslidar_sdk) by extension 'ros'
[0.327s] Level 1:colcon.colcon_core.package_identification:_identify(sensor-fusion/rslidar_sdk) by extensions ['cmake', 'python']
[0.327s] Level 1:colcon.colcon_core.package_identification:_identify(sensor-fusion/rslidar_sdk) by extension 'cmake'
[0.327s] Level 1:colcon.colcon_core.package_identification:_identify(sensor-fusion/rslidar_sdk) by extension 'python'
[0.327s] Level 1:colcon.colcon_core.package_identification:_identify(sensor-fusion/rslidar_sdk) by extensions ['python_setup_py']
[0.327s] Level 1:colcon.colcon_core.package_identification:_identify(sensor-fusion/rslidar_sdk) by extension 'python_setup_py'
[0.327s] Level 1:colcon.colcon_core.package_discovery:discover_packages(recursive) using defaults
[0.327s] Level 1:colcon.colcon_core.package_discovery:discover_packages(ignore) discover
[0.327s] Level 1:colcon.colcon_core.package_discovery:discover_packages(ignore) using defaults
[0.327s] Level 1:colcon.colcon_core.package_discovery:discover_packages(path) discover
[0.327s] Level 1:colcon.colcon_core.package_discovery:discover_packages(path) using defaults
[0.338s] Level 1:colcon.colcon_core.package_discovery:discover_packages(prefix_path) check parameters
[0.338s] Level 1:colcon.colcon_core.package_discovery:discover_packages(prefix_path) discover
[0.339s] DEBUG:colcon.colcon_installed_package_information.package_discovery:Found 2 installed packages in /home/thomasy22/agrobot-navigation/Navigation/install
[0.339s] Level 1:colcon.colcon_core.package_discovery:discover_packages(prefix_path) using defaults
[0.340s] Level 5:colcon.colcon_core.verb:set package 'rslidar_sdk' build argument 'cmake_args' from command line to 'None'
[0.340s] Level 5:colcon.colcon_core.verb:set package 'rslidar_sdk' build argument 'cmake_target' from command line to 'None'
[0.340s] Level 5:colcon.colcon_core.verb:set package 'rslidar_sdk' build argument 'cmake_target_skip_unavailable' from command line to 'False'
[0.340s] Level 5:colcon.colcon_core.verb:set package 'rslidar_sdk' build argument 'cmake_clean_cache' from command line to 'False'
[0.340s] Level 5:colcon.colcon_core.verb:set package 'rslidar_sdk' build argument 'cmake_clean_first' from command line to 'False'
[0.340s] Level 5:colcon.colcon_core.verb:set package 'rslidar_sdk' build argument 'cmake_force_configure' from command line to 'False'
[0.340s] Level 5:colcon.colcon_core.verb:set package 'rslidar_sdk' build argument 'ament_cmake_args' from command line to 'None'
[0.340s] Level 5:colcon.colcon_core.verb:set package 'rslidar_sdk' build argument 'catkin_cmake_args' from command line to 'None'
[0.340s] Level 5:colcon.colcon_core.verb:set package 'rslidar_sdk' build argument 'catkin_skip_building_tests' from command line to 'False'
[0.340s] DEBUG:colcon.colcon_core.verb:Building package 'rslidar_sdk' with the following arguments: {'ament_cmake_args': None, 'build_base': '/home/thomasy22/agrobot-navigation/Navigation/build/rslidar_sdk', 'catkin_cmake_args': None, 'catkin_skip_building_tests': False, 'cmake_args': None, 'cmake_clean_cache': False, 'cmake_clean_first': False, 'cmake_force_configure': False, 'cmake_target': None, 'cmake_target_skip_unavailable': False, 'install_base': '/home/thomasy22/agrobot-navigation/Navigation/install/rslidar_sdk', 'merge_install': False, 'path': '/home/thomasy22/agrobot-navigation/Navigation/rslidar_sdk', 'symlink_install': False, 'test_result_base': None}
[0.340s] Level 5:colcon.colcon_core.verb:set package 'tasks12' build argument 'cmake_args' from command line to 'None'
[0.340s] Level 5:colcon.colcon_core.verb:set package 'tasks12' build argument 'cmake_target' from command line to 'None'
[0.340s] Level 5:colcon.colcon_core.verb:set package 'tasks12' build argument 'cmake_target_skip_unavailable' from command line to 'False'
[0.340s] Level 5:colcon.colcon_core.verb:set package 'tasks12' build argument 'cmake_clean_cache' from command line to 'False'
[0.340s] Level 5:colcon.colcon_core.verb:set package 'tasks12' build argument 'cmake_clean_first' from command line to 'False'
[0.340s] Level 5:colcon.colcon_core.verb:set package 'tasks12' build argument 'cmake_force_configure' from command line to 'False'
[0.340s] Level 5:colcon.colcon_core.verb:set package 'tasks12' build argument 'ament_cmake_args' from command line to 'None'
[0.340s] Level 5:colcon.colcon_core.verb:set package 'tasks12' build argument 'catkin_cmake_args' from command line to 'None'
[0.340s] Level 5:colcon.colcon_core.verb:set package 'tasks12' build argument 'catkin_skip_building_tests' from command line to 'False'
[0.340s] DEBUG:colcon.colcon_core.verb:Building package 'tasks12' with the following arguments: {'ament_cmake_args': None, 'build_base': '/home/thomasy22/agrobot-navigation/Navigation/build/tasks12', 'catkin_cmake_args': None, 'catkin_skip_building_tests': False, 'cmake_args': None, 'cmake_clean_cache': False, 'cmake_clean_first': False, 'cmake_force_configure': False, 'cmake_target': None, 'cmake_target_skip_unavailable': False, 'install_base': '/home/thomasy22/agrobot-navigation/Navigation/install/tasks12', 'merge_install': False, 'path': '/home/thomasy22/agrobot-navigation/Navigation/path-planning/src/tasks12', 'symlink_install': False, 'test_result_base': None}
[0.340s] INFO:colcon.colcon_core.executor:Executing jobs using 'parallel' executor
[0.341s] DEBUG:colcon.colcon_parallel_executor.executor.parallel:run_until_complete
[0.342s] INFO:colcon.colcon_ros.task.catkin.build:Building ROS package in '/home/thomasy22/agrobot-navigation/Navigation/rslidar_sdk' with build type 'catkin'
[0.342s] INFO:colcon.colcon_cmake.task.cmake.build:Building CMake package in '/home/thomasy22/agrobot-navigation/Navigation/rslidar_sdk'
[0.343s] INFO:colcon.colcon_core.plugin_system:Skipping extension 'colcon_core.shell.bat': Not used on non-Windows systems
[0.343s] INFO:colcon.colcon_core.shell:Skip shell extension 'powershell' for command environment: Not usable outside of PowerShell
[0.343s] DEBUG:colcon.colcon_core.shell:Skip shell extension 'dsv' for command environment
[0.344s] INFO:colcon.colcon_ros.task.ament_python.build:Building ROS package in '/home/thomasy22/agrobot-navigation/Navigation/path-planning/src/tasks12' with build type 'ament_python'
[0.344s] Level 1:colcon.colcon_core.shell:create_environment_hook('tasks12', 'ament_prefix_path')
[0.345s] INFO:colcon.colcon_core.shell:Creating environment hook '/home/thomasy22/agrobot-navigation/Navigation/install/tasks12/share/tasks12/hook/ament_prefix_path.ps1'
[0.345s] INFO:colcon.colcon_core.shell:Creating environment descriptor '/home/thomasy22/agrobot-navigation/Navigation/install/tasks12/share/tasks12/hook/ament_prefix_path.dsv'
[0.345s] INFO:colcon.colcon_core.shell:Creating environment hook '/home/thomasy22/agrobot-navigation/Navigation/install/tasks12/share/tasks12/hook/ament_prefix_path.sh'
[0.346s] INFO:colcon.colcon_core.shell:Skip shell extension 'powershell' for command environment: Not usable outside of PowerShell
[0.346s] DEBUG:colcon.colcon_core.shell:Skip shell extension 'dsv' for command environment
[0.355s] DEBUG:colcon.colcon_core.event_handler.log_command:Invoking command in '/home/thomasy22/agrobot-navigation/Navigation/build/rslidar_sdk': /usr/bin/cmake /home/thomasy22/agrobot-navigation/Navigation/rslidar_sdk -DCATKIN_INSTALL_INTO_PREFIX_ROOT=0 -DCMAKE_INSTALL_PREFIX=/home/thomasy22/agrobot-navigation/Navigation/install/rslidar_sdk
[0.476s] INFO:colcon.colcon_core.task.python.build:Building Python package in '/home/thomasy22/agrobot-navigation/Navigation/path-planning/src/tasks12'
[0.476s] INFO:colcon.colcon_core.shell:Skip shell extension 'powershell' for command environment: Not usable outside of PowerShell
[0.476s] DEBUG:colcon.colcon_core.shell:Skip shell extension 'dsv' for command environment
[0.655s] DEBUG:colcon.colcon_core.event_handler.log_command:Invoking command in '/home/thomasy22/agrobot-navigation/Navigation/path-planning/src/tasks12': PYTHONPATH=/home/thomasy22/agrobot-navigation/Navigation/build/tasks12/prefix_override:/usr/lib/python3/dist-packages/colcon_core/task/python/colcon_distutils_commands:/home/thomasy22/agrobot-navigation/Navigation/install/tasks12/lib/python3.10/site-packages:${PYTHONPATH} /usr/bin/python3 -W ignore:setup.py install is deprecated -W ignore:easy_install command is deprecated setup.py egg_info --egg-base ../../../build/tasks12 build --build-base /home/thomasy22/agrobot-navigation/Navigation/build/tasks12/build install --record /home/thomasy22/agrobot-navigation/Navigation/build/tasks12/install.log --single-version-externally-managed install_data
[0.782s] DEBUG:colcon.colcon_core.event_handler.log_command:Invoked command in '/home/thomasy22/agrobot-navigation/Navigation/path-planning/src/tasks12' returned '0': PYTHONPATH=/home/thomasy22/agrobot-navigation/Navigation/build/tasks12/prefix_override:/usr/lib/python3/dist-packages/colcon_core/task/python/colcon_distutils_commands:/home/thomasy22/agrobot-navigation/Navigation/install/tasks12/lib/python3.10/site-packages:${PYTHONPATH} /usr/bin/python3 -W ignore:setup.py install is deprecated -W ignore:easy_install command is deprecated setup.py egg_info --egg-base ../../../build/tasks12 build --build-base /home/thomasy22/agrobot-navigation/Navigation/build/tasks12/build install --record /home/thomasy22/agrobot-navigation/Navigation/build/tasks12/install.log --single-version-externally-managed install_data
[0.784s] Level 1:colcon.colcon_core.environment:checking '/home/thomasy22/agrobot-navigation/Navigation/install/tasks12' for CMake module files
[0.784s] Level 1:colcon.colcon_core.environment:checking '/home/thomasy22/agrobot-navigation/Navigation/install/tasks12' for CMake config files
[0.784s] Level 1:colcon.colcon_core.environment:checking '/home/thomasy22/agrobot-navigation/Navigation/install/tasks12/lib'
[0.784s] Level 1:colcon.colcon_core.environment:checking '/home/thomasy22/agrobot-navigation/Navigation/install/tasks12/bin'
[0.784s] Level 1:colcon.colcon_core.environment:checking '/home/thomasy22/agrobot-navigation/Navigation/install/tasks12/lib/pkgconfig/tasks12.pc'
[0.785s] Level 1:colcon.colcon_core.environment:checking '/home/thomasy22/agrobot-navigation/Navigation/install/tasks12/lib/python3.10/site-packages'
[0.785s] Level 1:colcon.colcon_core.shell:create_environment_hook('tasks12', 'pythonpath')
[0.785s] INFO:colcon.colcon_core.shell:Creating environment hook '/home/thomasy22/agrobot-navigation/Navigation/install/tasks12/share/tasks12/hook/pythonpath.ps1'
[0.785s] INFO:colcon.colcon_core.shell:Creating environment descriptor '/home/thomasy22/agrobot-navigation/Navigation/install/tasks12/share/tasks12/hook/pythonpath.dsv'
[0.785s] INFO:colcon.colcon_core.shell:Creating environment hook '/home/thomasy22/agrobot-navigation/Navigation/install/tasks12/share/tasks12/hook/pythonpath.sh'
[0.785s] Level 1:colcon.colcon_core.environment:checking '/home/thomasy22/agrobot-navigation/Navigation/install/tasks12/bin'
[0.785s] Level 1:colcon.colcon_core.environment:create_environment_scripts_only(tasks12)
[0.786s] INFO:colcon.colcon_core.shell:Creating package script '/home/thomasy22/agrobot-navigation/Navigation/install/tasks12/share/tasks12/package.ps1'
[0.786s] INFO:colcon.colcon_core.shell:Creating package descriptor '/home/thomasy22/agrobot-navigation/Navigation/install/tasks12/share/tasks12/package.dsv'
[0.786s] INFO:colcon.colcon_core.shell:Creating package script '/home/thomasy22/agrobot-navigation/Navigation/install/tasks12/share/tasks12/package.sh'
[0.787s] INFO:colcon.colcon_core.shell:Creating package script '/home/thomasy22/agrobot-navigation/Navigation/install/tasks12/share/tasks12/package.bash'
[0.787s] INFO:colcon.colcon_core.shell:Creating package script '/home/thomasy22/agrobot-navigation/Navigation/install/tasks12/share/tasks12/package.zsh'
[0.787s] Level 1:colcon.colcon_core.environment:create_file_with_runtime_dependencies(/home/thomasy22/agrobot-navigation/Navigation/install/tasks12/share/colcon-core/packages/tasks12)
[17.124s] DEBUG:colcon.colcon_core.event_handler.log_command:Invoked command in '/home/thomasy22/agrobot-navigation/Navigation/build/rslidar_sdk' returned '1': /usr/bin/cmake /home/thomasy22/agrobot-navigation/Navigation/rslidar_sdk -DCATKIN_INSTALL_INTO_PREFIX_ROOT=0 -DCMAKE_INSTALL_PREFIX=/home/thomasy22/agrobot-navigation/Navigation/install/rslidar_sdk
[17.131s] Level 1:colcon.colcon_core.environment:create_environment_scripts_only(rslidar_sdk)
[17.132s] Level 1:colcon.colcon_core.environment:checking '/home/thomasy22/agrobot-navigation/Navigation/install/rslidar_sdk' for CMake module files
[17.132s] Level 1:colcon.colcon_core.environment:checking '/home/thomasy22/agrobot-navigation/Navigation/install/rslidar_sdk' for CMake config files
[17.132s] Level 1:colcon.colcon_core.environment:checking '/home/thomasy22/agrobot-navigation/Navigation/install/rslidar_sdk/bin'
[17.132s] Level 1:colcon.colcon_core.environment:checking '/home/thomasy22/agrobot-navigation/Navigation/install/rslidar_sdk/lib/pkgconfig/rslidar_sdk.pc'
[17.132s] Level 1:colcon.colcon_core.environment:checking '/home/thomasy22/agrobot-navigation/Navigation/install/rslidar_sdk/lib/python3.10/site-packages'
[17.133s] Level 1:colcon.colcon_core.environment:checking '/home/thomasy22/agrobot-navigation/Navigation/install/rslidar_sdk/bin'
[17.133s] INFO:colcon.colcon_core.shell:Creating package script '/home/thomasy22/agrobot-navigation/Navigation/install/rslidar_sdk/share/rslidar_sdk/package.ps1'
[17.133s] INFO:colcon.colcon_core.shell:Creating package descriptor '/home/thomasy22/agrobot-navigation/Navigation/install/rslidar_sdk/share/rslidar_sdk/package.dsv'
[17.133s] INFO:colcon.colcon_core.shell:Creating package script '/home/thomasy22/agrobot-navigation/Navigation/install/rslidar_sdk/share/rslidar_sdk/package.sh'
[17.133s] INFO:colcon.colcon_core.shell:Creating package script '/home/thomasy22/agrobot-navigation/Navigation/install/rslidar_sdk/share/rslidar_sdk/package.bash'
[17.133s] INFO:colcon.colcon_core.shell:Creating package script '/home/thomasy22/agrobot-navigation/Navigation/install/rslidar_sdk/share/rslidar_sdk/package.zsh'
[17.133s] Level 1:colcon.colcon_core.environment:create_file_with_runtime_dependencies(/home/thomasy22/agrobot-navigation/Navigation/install/rslidar_sdk/share/colcon-core/packages/rslidar_sdk)
[17.144s] DEBUG:colcon.colcon_parallel_executor.executor.parallel:closing loop
[17.144s] DEBUG:colcon.colcon_parallel_executor.executor.parallel:loop closed
[17.144s] DEBUG:colcon.colcon_parallel_executor.executor.parallel:run_until_complete finished with '1'
[17.144s] DEBUG:colcon.colcon_core.event_reactor:joining thread
[17.346s] INFO:colcon.colcon_core.plugin_system:Skipping extension 'colcon_notification.desktop_notification.notify_send': Could not find 'notify-send'
[17.346s] INFO:colcon.colcon_core.plugin_system:Skipping extension 'colcon_notification.desktop_notification.terminal_notifier': Not used on non-Darwin systems
[17.347s] INFO:colcon.colcon_core.plugin_system:Skipping extension 'colcon_notification.desktop_notification.win32': Not used on non-Windows systems
[17.347s] INFO:colcon.colcon_notification.desktop_notification:Sending desktop notification using 'notify2'
[17.347s] DEBUG:colcon.colcon_notification.desktop_notification.notify2:Failed to initialize notify2: org.freedesktop.DBus.Error.FileNotFound: Failed to connect to socket /run/user/1000/bus: No such file or directory
[17.347s] DEBUG:colcon.colcon_core.event_reactor:joined thread
[17.348s] INFO:colcon.colcon_core.shell:Creating prefix script '/home/thomasy22/agrobot-navigation/Navigation/install/local_setup.ps1'
[17.349s] INFO:colcon.colcon_core.shell:Creating prefix util module '/home/thomasy22/agrobot-navigation/Navigation/install/_local_setup_util_ps1.py'
[17.351s] INFO:colcon.colcon_core.shell:Creating prefix chain script '/home/thomasy22/agrobot-navigation/Navigation/install/setup.ps1'
[17.351s] INFO:colcon.colcon_core.shell:Creating prefix script '/home/thomasy22/agrobot-navigation/Navigation/install/local_setup.sh'
[17.352s] INFO:colcon.colcon_core.shell:Creating prefix util module '/home/thomasy22/agrobot-navigation/Navigation/install/_local_setup_util_sh.py'
[17.353s] INFO:colcon.colcon_core.shell:Creating prefix chain script '/home/thomasy22/agrobot-navigation/Navigation/install/setup.sh'
[17.353s] INFO:colcon.colcon_core.shell:Creating prefix script '/home/thomasy22/agrobot-navigation/Navigation/install/local_setup.bash'
[17.354s] INFO:colcon.colcon_core.shell:Creating prefix chain script '/home/thomasy22/agrobot-navigation/Navigation/install/setup.bash'
[17.354s] INFO:colcon.colcon_core.shell:Creating prefix script '/home/thomasy22/agrobot-navigation/Navigation/install/local_setup.zsh'
[17.354s] INFO:colcon.colcon_core.shell:Creating prefix chain script '/home/thomasy22/agrobot-navigation/Navigation/install/setup.zsh'
