[1.311s] Invoking command in '/home/vscode/workspace/path-planning/src/tasks12': PYTHONPATH=/home/vscode/workspace/path-planning/build/tasks12/prefix_override:/usr/lib/python3/dist-packages/colcon_core/task/python/colcon_distutils_commands:/home/vscode/workspace/path-planning/install/tasks12/lib/python3.10/site-packages:${PYTHONPATH} /usr/bin/python3 -W ignore:setup.py install is deprecated -W ignore:easy_install command is deprecated setup.py egg_info --egg-base ../../build/tasks12 build --build-base /home/vscode/workspace/path-planning/build/tasks12/build install --record /home/vscode/workspace/path-planning/build/tasks12/install.log --single-version-externally-managed install_data
[1.684s] running egg_info
[1.686s] writing ../../build/tasks12/tasks12.egg-info/PKG-INFO
[1.686s] writing dependency_links to ../../build/tasks12/tasks12.egg-info/dependency_links.txt
[1.687s] writing entry points to ../../build/tasks12/tasks12.egg-info/entry_points.txt
[1.687s] writing requirements to ../../build/tasks12/tasks12.egg-info/requires.txt
[1.687s] writing top-level names to ../../build/tasks12/tasks12.egg-info/top_level.txt
[1.690s] reading manifest file '../../build/tasks12/tasks12.egg-info/SOURCES.txt'
[1.691s] writing manifest file '../../build/tasks12/tasks12.egg-info/SOURCES.txt'
[1.692s] running build
[1.692s] running build_py
[1.692s] running install
[1.693s] running install_lib
[1.694s] running install_data
[1.695s] running install_egg_info
[1.697s] removing '/home/vscode/workspace/path-planning/install/tasks12/lib/python3.10/site-packages/tasks12-0.0.0-py3.10.egg-info' (and everything under it)
[1.698s] Copying ../../build/tasks12/tasks12.egg-info to /home/vscode/workspace/path-planning/install/tasks12/lib/python3.10/site-packages/tasks12-0.0.0-py3.10.egg-info
[1.701s] running install_scripts
[1.735s] Installing test script to /home/vscode/workspace/path-planning/install/tasks12/lib/tasks12
[1.735s] writing list of installed files to '/home/vscode/workspace/path-planning/build/tasks12/install.log'
[1.772s] Invoked command in '/home/vscode/workspace/path-planning/src/tasks12' returned '0': PYTHONPATH=/home/vscode/workspace/path-planning/build/tasks12/prefix_override:/usr/lib/python3/dist-packages/colcon_core/task/python/colcon_distutils_commands:/home/vscode/workspace/path-planning/install/tasks12/lib/python3.10/site-packages:${PYTHONPATH} /usr/bin/python3 -W ignore:setup.py install is deprecated -W ignore:easy_install command is deprecated setup.py egg_info --egg-base ../../build/tasks12 build --build-base /home/vscode/workspace/path-planning/build/tasks12/build install --record /home/vscode/workspace/path-planning/build/tasks12/install.log --single-version-externally-managed install_data
