/home/vscode/workspace/path-planning/install/tasks12/lib/python3.10/site-packages/tasks12/demo_lidar.py
/home/vscode/workspace/path-planning/install/tasks12/lib/python3.10/site-packages/tasks12/gap_follower_node.py
/home/vscode/workspace/path-planning/install/tasks12/lib/python3.10/site-packages/tasks12/wall_follower.py
/home/vscode/workspace/path-planning/install/tasks12/lib/python3.10/site-packages/tasks12/wall_follower_lidar.py
/home/vscode/workspace/path-planning/install/tasks12/lib/python3.10/site-packages/tasks12/__init__.py
/home/vscode/workspace/path-planning/install/tasks12/lib/python3.10/site-packages/tasks12/__pycache__/demo_lidar.cpython-310.pyc
/home/vscode/workspace/path-planning/install/tasks12/lib/python3.10/site-packages/tasks12/__pycache__/gap_follower_node.cpython-310.pyc
/home/vscode/workspace/path-planning/install/tasks12/lib/python3.10/site-packages/tasks12/__pycache__/wall_follower.cpython-310.pyc
/home/vscode/workspace/path-planning/install/tasks12/lib/python3.10/site-packages/tasks12/__pycache__/wall_follower_lidar.cpython-310.pyc
/home/vscode/workspace/path-planning/install/tasks12/lib/python3.10/site-packages/tasks12/__pycache__/__init__.cpython-310.pyc
/home/vscode/workspace/path-planning/install/tasks12/share/ament_index/resource_index/packages/tasks12
/home/vscode/workspace/path-planning/install/tasks12/share/tasks12/package.xml
/home/vscode/workspace/path-planning/install/tasks12/share/tasks12/launch/tasks12_launch.py
/home/vscode/workspace/path-planning/install/tasks12/share/tasks12/launch/gap_follower_launch.py
/home/vscode/workspace/path-planning/install/tasks12/lib/python3.10/site-packages/tasks12-0.0.0-py3.10.egg-info/dependency_links.txt
/home/vscode/workspace/path-planning/install/tasks12/lib/python3.10/site-packages/tasks12-0.0.0-py3.10.egg-info/entry_points.txt
/home/vscode/workspace/path-planning/install/tasks12/lib/python3.10/site-packages/tasks12-0.0.0-py3.10.egg-info/PKG-INFO
/home/vscode/workspace/path-planning/install/tasks12/lib/python3.10/site-packages/tasks12-0.0.0-py3.10.egg-info/requires.txt
/home/vscode/workspace/path-planning/install/tasks12/lib/python3.10/site-packages/tasks12-0.0.0-py3.10.egg-info/SOURCES.txt
/home/vscode/workspace/path-planning/install/tasks12/lib/python3.10/site-packages/tasks12-0.0.0-py3.10.egg-info/top_level.txt
/home/vscode/workspace/path-planning/install/tasks12/lib/python3.10/site-packages/tasks12-0.0.0-py3.10.egg-info/zip-safe
/home/vscode/workspace/path-planning/install/tasks12/lib/tasks12/demo_lidar
/home/vscode/workspace/path-planning/install/tasks12/lib/tasks12/gap_follower_node
/home/vscode/workspace/path-planning/install/tasks12/lib/tasks12/wall_follower
/home/vscode/workspace/path-planning/install/tasks12/lib/tasks12/wall_follower_lidar
