[0.022s] Invoking command in '/home/thomasy22/agrobot-navigation/Navigation/build/rslidar_sdk': /usr/bin/cmake /home/thomasy22/agrobot-navigation/Navigation/rslidar_sdk -DCATKIN_INSTALL_INTO_PREFIX_ROOT=0 -DCMAKE_INSTALL_PREFIX=/home/thomasy22/agrobot-navigation/Navigation/install/rslidar_sdk
[0.357s] -- The C compiler identification is GNU 11.4.0
[1.392s] -- The CXX compiler identification is GNU 11.4.0
[2.209s] -- Detecting C compiler ABI info
[2.433s] -- Detecting C compiler ABI info - done
[2.437s] -- Check for working C compiler: /usr/bin/cc - skipped
[2.439s] -- Detecting C compile features
[2.440s] -- Detecting C compile features - done
[2.443s] -- Detecting CXX compiler ABI info
[2.650s] -- Detecting CXX compiler ABI info - done
[2.655s] -- Check for working CXX compiler: /usr/bin/c++ - skipped
[2.655s] -- Detecting CXX compile features
[2.655s] -- Detecting CXX compile features - done
[2.656s] [0m=============================================================[0m
[2.656s] [0m-- POINT_TYPE is XYZI[0m
[2.656s] [0m=============================================================[0m
[5.513s] [0m=============================================================[0m
[5.513s] [0m-- ROS Not Found. ROS Support is turned Off.[0m
[5.513s] [0m=============================================================[0m
[8.093s] [0m=============================================================[0m
[8.094s] [0m-- ROS2 Not Found. ROS2 Support is turned Off.[0m
[8.094s] [0m=============================================================[0m
[8.099s] [31mCMake Error at CMakeLists.txt:159 (add_subdirectory):
[8.099s]   The source directory
[8.099s] 
[8.099s]     /home/thomasy22/agrobot-navigation/Navigation/rslidar_sdk/src/rs_driver
[8.099s] 
[8.099s]   does not contain a CMakeLists.txt file.
[8.099s] 
[8.099s] [0m
[11.522s] [31mCMake Error at CMakeLists.txt:160 (find_package):
[11.522s]   By not providing "Findrs_driver.cmake" in CMAKE_MODULE_PATH this project
[11.522s]   has asked CMake to find a package configuration file provided by
[11.522s]   "rs_driver", but CMake did not find one.
[11.522s] 
[11.522s]   Could not find a package configuration file provided by "rs_driver" with
[11.522s]   any of the following names:
[11.522s] 
[11.522s]     rs_driverConfig.cmake
[11.522s]     rs_driver-config.cmake
[11.522s] 
[11.522s]   Add the installation prefix of "rs_driver" to CMAKE_PREFIX_PATH or set
[11.522s]   "rs_driver_DIR" to a directory containing one of the above files.  If
[11.522s]   "rs_driver" provides a separate development package or SDK, be sure it has
[11.522s]   been installed.
[11.522s] 
[11.522s] [0m
[11.522s] -- Configuring incomplete, errors occurred!
[11.522s] See also "/home/thomasy22/agrobot-navigation/Navigation/build/rslidar_sdk/CMakeFiles/CMakeOutput.log".
[11.526s] Invoked command in '/home/thomasy22/agrobot-navigation/Navigation/build/rslidar_sdk' returned '1': /usr/bin/cmake /home/thomasy22/agrobot-navigation/Navigation/rslidar_sdk -DCATKIN_INSTALL_INTO_PREFIX_ROOT=0 -DCMAKE_INSTALL_PREFIX=/home/thomasy22/agrobot-navigation/Navigation/install/rslidar_sdk
